ERROR - 2025-08-15 05:53:35 --> Error connecting to the database: ErrorException: mysqli::real_connect(): php_network_getaddresses: getaddrinfo for trending_only.com failed: No such host is known in C:\laragon\www\CodeIgniter4-4.6.1\system\Database\MySQLi\Connection.php:201
Stack trace:
#0 [internal function]: CodeIgniter\Debug\Exceptions->errorHandler()
#1 C:\laragon\www\CodeIgniter4-4.6.1\system\Database\MySQLi\Connection.php(201): mysqli->real_connect()
#2 C:\laragon\www\CodeIgniter4-4.6.1\system\Database\BaseConnection.php(421): CodeIgniter\Database\MySQLi\Connection->connect()
#3 C:\laragon\www\CodeIgniter4-4.6.1\system\Database\BaseConnection.php(620): CodeIgniter\Database\BaseConnection->initialize()
#4 C:\laragon\www\CodeIgniter4-4.6.1\system\Database\BaseBuilder.php(1649): CodeIgniter\Database\BaseConnection->query()
#5 C:\laragon\www\CodeIgniter4-4.6.1\system\Model.php(286): CodeIgniter\Database\BaseBuilder->get()
#6 C:\laragon\www\CodeIgniter4-4.6.1\system\BaseModel.php(679): CodeIgniter\Model->doFindAll()
#7 C:\laragon\www\CodeIgniter4-4.6.1\app\Controllers\Beranda.php(61): CodeIgniter\BaseModel->findAll()
#8 C:\laragon\www\CodeIgniter4-4.6.1\app\Controllers\Beranda.php(29): App\Controllers\Beranda->getLatestArticles()
#9 C:\laragon\www\CodeIgniter4-4.6.1\system\CodeIgniter.php(933): App\Controllers\Beranda->index()
#10 C:\laragon\www\CodeIgniter4-4.6.1\system\CodeIgniter.php(507): CodeIgniter\CodeIgniter->runController()
#11 C:\laragon\www\CodeIgniter4-4.6.1\system\CodeIgniter.php(354): CodeIgniter\CodeIgniter->handleRequest()
#12 C:\laragon\www\CodeIgniter4-4.6.1\system\Boot.php(334): CodeIgniter\CodeIgniter->run()
#13 C:\laragon\www\CodeIgniter4-4.6.1\system\Boot.php(67): CodeIgniter\Boot::runCodeIgniter()
#14 C:\laragon\www\CodeIgniter4-4.6.1\public\index.php(59): CodeIgniter\Boot::bootWeb()
#15 C:\laragon\www\CodeIgniter4-4.6.1\system\rewrite.php(44): require_once('...')
#16 {main}

Next mysqli_sql_exception: php_network_getaddresses: getaddrinfo for trending_only.com failed: No such host is known in C:\laragon\www\CodeIgniter4-4.6.1\system\Database\MySQLi\Connection.php:201
Stack trace:
#0 C:\laragon\www\CodeIgniter4-4.6.1\system\Database\MySQLi\Connection.php(201): mysqli->real_connect()
#1 C:\laragon\www\CodeIgniter4-4.6.1\system\Database\BaseConnection.php(421): CodeIgniter\Database\MySQLi\Connection->connect()
#2 C:\laragon\www\CodeIgniter4-4.6.1\system\Database\BaseConnection.php(620): CodeIgniter\Database\BaseConnection->initialize()
#3 C:\laragon\www\CodeIgniter4-4.6.1\system\Database\BaseBuilder.php(1649): CodeIgniter\Database\BaseConnection->query()
#4 C:\laragon\www\CodeIgniter4-4.6.1\system\Model.php(286): CodeIgniter\Database\BaseBuilder->get()
#5 C:\laragon\www\CodeIgniter4-4.6.1\system\BaseModel.php(679): CodeIgniter\Model->doFindAll()
#6 C:\laragon\www\CodeIgniter4-4.6.1\app\Controllers\Beranda.php(61): CodeIgniter\BaseModel->findAll()
#7 C:\laragon\www\CodeIgniter4-4.6.1\app\Controllers\Beranda.php(29): App\Controllers\Beranda->getLatestArticles()
#8 C:\laragon\www\CodeIgniter4-4.6.1\system\CodeIgniter.php(933): App\Controllers\Beranda->index()
#9 C:\laragon\www\CodeIgniter4-4.6.1\system\CodeIgniter.php(507): CodeIgniter\CodeIgniter->runController()
#10 C:\laragon\www\CodeIgniter4-4.6.1\system\CodeIgniter.php(354): CodeIgniter\CodeIgniter->handleRequest()
#11 C:\laragon\www\CodeIgniter4-4.6.1\system\Boot.php(334): CodeIgniter\CodeIgniter->run()
#12 C:\laragon\www\CodeIgniter4-4.6.1\system\Boot.php(67): CodeIgniter\Boot::runCodeIgniter()
#13 C:\laragon\www\CodeIgniter4-4.6.1\public\index.php(59): CodeIgniter\Boot::bootWeb()
#14 C:\laragon\www\CodeIgniter4-4.6.1\system\rewrite.php(44): require_once('...')
#15 {main}

Next CodeIgniter\Database\Exceptions\DatabaseException: php_network_getaddresses: getaddrinfo for trending_only.com failed: No such host is known in C:\laragon\www\CodeIgniter4-4.6.1\system\Database\MySQLi\Connection.php:246
Stack trace:
#0 C:\laragon\www\CodeIgniter4-4.6.1\system\Database\BaseConnection.php(421): CodeIgniter\Database\MySQLi\Connection->connect()
#1 C:\laragon\www\CodeIgniter4-4.6.1\system\Database\BaseConnection.php(620): CodeIgniter\Database\BaseConnection->initialize()
#2 C:\laragon\www\CodeIgniter4-4.6.1\system\Database\BaseBuilder.php(1649): CodeIgniter\Database\BaseConnection->query()
#3 C:\laragon\www\CodeIgniter4-4.6.1\system\Model.php(286): CodeIgniter\Database\BaseBuilder->get()
#4 C:\laragon\www\CodeIgniter4-4.6.1\system\BaseModel.php(679): CodeIgniter\Model->doFindAll()
#5 C:\laragon\www\CodeIgniter4-4.6.1\app\Controllers\Beranda.php(61): CodeIgniter\BaseModel->findAll()
#6 C:\laragon\www\CodeIgniter4-4.6.1\app\Controllers\Beranda.php(29): App\Controllers\Beranda->getLatestArticles()
#7 C:\laragon\www\CodeIgniter4-4.6.1\system\CodeIgniter.php(933): App\Controllers\Beranda->index()
#8 C:\laragon\www\CodeIgniter4-4.6.1\system\CodeIgniter.php(507): CodeIgniter\CodeIgniter->runController()
#9 C:\laragon\www\CodeIgniter4-4.6.1\system\CodeIgniter.php(354): CodeIgniter\CodeIgniter->handleRequest()
#10 C:\laragon\www\CodeIgniter4-4.6.1\system\Boot.php(334): CodeIgniter\CodeIgniter->run()
#11 C:\laragon\www\CodeIgniter4-4.6.1\system\Boot.php(67): CodeIgniter\Boot::runCodeIgniter()
#12 C:\laragon\www\CodeIgniter4-4.6.1\public\index.php(59): CodeIgniter\Boot::bootWeb()
#13 C:\laragon\www\CodeIgniter4-4.6.1\system\rewrite.php(44): require_once('...')
#14 {main}
CRITICAL - 2025-08-15 05:53:35 --> CodeIgniter\Database\Exceptions\DatabaseException: Unable to connect to the database.
Main connection [MySQLi]: php_network_getaddresses: getaddrinfo for trending_only.com failed: No such host is known
[Method: GET, Route: id/]
in SYSTEMPATH\Database\BaseConnection.php on line 467.
 1 SYSTEMPATH\Database\BaseConnection.php(620): CodeIgniter\Database\BaseConnection->initialize()
 2 SYSTEMPATH\Database\BaseBuilder.php(1649): CodeIgniter\Database\BaseConnection->query()
 3 SYSTEMPATH\Model.php(286): CodeIgniter\Database\BaseBuilder->get()
 4 SYSTEMPATH\BaseModel.php(679): CodeIgniter\Model->doFindAll()
 5 APPPATH\Controllers\Beranda.php(61): CodeIgniter\BaseModel->findAll()
 6 APPPATH\Controllers\Beranda.php(29): App\Controllers\Beranda->getLatestArticles()
 7 SYSTEMPATH\CodeIgniter.php(933): App\Controllers\Beranda->index()
 8 SYSTEMPATH\CodeIgniter.php(507): CodeIgniter\CodeIgniter->runController()
 9 SYSTEMPATH\CodeIgniter.php(354): CodeIgniter\CodeIgniter->handleRequest()
10 SYSTEMPATH\Boot.php(334): CodeIgniter\CodeIgniter->run()
11 SYSTEMPATH\Boot.php(67): CodeIgniter\Boot::runCodeIgniter()
12 FCPATH\index.php(59): CodeIgniter\Boot::bootWeb()
13 SYSTEMPATH\rewrite.php(44): require_once('C:\\laragon\\www\\CodeIgniter4-4.6.1\\public\\index.php')
ERROR - 2025-08-15 05:54:20 --> Python script tidak mengembalikan output.
CRITICAL - 2025-08-15 05:54:21 --> CodeIgniter\HTTP\Exceptions\BadRequestException: The URI you submitted has disallowed characters: "thumbnail-Israel-Klaim-Sudan-Selatan-Siap-Terima-Warga-Palestina-dari-Gaza,-Pemerintah-Bantah-1755231947.jpg"
[Method: GET, Route: uploads/thumbnail/thumbnail-Israel-Klaim-Sudan-Selatan-Siap-Terima-Warga-Palestina-dari-Gaza,-Pemerintah-Bantah-1755231947.jpg]
in SYSTEMPATH\Router\Router.php on line 741.
 1 SYSTEMPATH\Router\Router.php(207): CodeIgniter\Router\Router->checkDisallowedChars()
 2 SYSTEMPATH\CodeIgniter.php(832): CodeIgniter\Router\Router->handle()
 3 SYSTEMPATH\CodeIgniter.php(455): CodeIgniter\CodeIgniter->tryToRouteIt()
 4 SYSTEMPATH\CodeIgniter.php(354): CodeIgniter\CodeIgniter->handleRequest()
 5 SYSTEMPATH\Boot.php(334): CodeIgniter\CodeIgniter->run()
 6 SYSTEMPATH\Boot.php(67): CodeIgniter\Boot::runCodeIgniter()
 7 FCPATH\index.php(59): CodeIgniter\Boot::bootWeb()
 8 SYSTEMPATH\rewrite.php(44): require_once('C:\\laragon\\www\\CodeIgniter4-4.6.1\\public\\index.php')
CRITICAL - 2025-08-15 05:54:23 --> CodeIgniter\HTTP\Exceptions\BadRequestException: The URI you submitted has disallowed characters: "thumbnail-Tala-dan-Mohamed,-Anak-Palestina-yang-Beri-Pesan-Kuat-di-Podium-Piala-Super-Eropa-1755139977.jpg"
[Method: GET, Route: uploads/thumbnail/thumbnail-Tala-dan-Mohamed,-Anak-Palestina-yang-Beri-Pesan-Kuat-di-Podium-Piala-Super-Eropa-1755139977.jpg]
in SYSTEMPATH\Router\Router.php on line 741.
 1 SYSTEMPATH\Router\Router.php(207): CodeIgniter\Router\Router->checkDisallowedChars()
 2 SYSTEMPATH\CodeIgniter.php(832): CodeIgniter\Router\Router->handle()
 3 SYSTEMPATH\CodeIgniter.php(455): CodeIgniter\CodeIgniter->tryToRouteIt()
 4 SYSTEMPATH\CodeIgniter.php(354): CodeIgniter\CodeIgniter->handleRequest()
 5 SYSTEMPATH\Boot.php(334): CodeIgniter\CodeIgniter->run()
 6 SYSTEMPATH\Boot.php(67): CodeIgniter\Boot::runCodeIgniter()
 7 FCPATH\index.php(59): CodeIgniter\Boot::bootWeb()
 8 SYSTEMPATH\rewrite.php(44): require_once('C:\\laragon\\www\\CodeIgniter4-4.6.1\\public\\index.php')
CRITICAL - 2025-08-15 05:54:23 --> CodeIgniter\HTTP\Exceptions\BadRequestException: The URI you submitted has disallowed characters: "thumbnail-Israel-Larang-430-Jenis-Makanan-Masuk-Gaza,-Krisis-Pangan-Semakin-Parah-1755055336.jpg"
[Method: GET, Route: uploads/thumbnail/thumbnail-Israel-Larang-430-Jenis-Makanan-Masuk-Gaza,-Krisis-Pangan-Semakin-Parah-1755055336.jpg]
in SYSTEMPATH\Router\Router.php on line 741.
 1 SYSTEMPATH\Router\Router.php(207): CodeIgniter\Router\Router->checkDisallowedChars()
 2 SYSTEMPATH\CodeIgniter.php(832): CodeIgniter\Router\Router->handle()
 3 SYSTEMPATH\CodeIgniter.php(455): CodeIgniter\CodeIgniter->tryToRouteIt()
 4 SYSTEMPATH\CodeIgniter.php(354): CodeIgniter\CodeIgniter->handleRequest()
 5 SYSTEMPATH\Boot.php(334): CodeIgniter\CodeIgniter->run()
 6 SYSTEMPATH\Boot.php(67): CodeIgniter\Boot::runCodeIgniter()
 7 FCPATH\index.php(59): CodeIgniter\Boot::bootWeb()
 8 SYSTEMPATH\rewrite.php(44): require_once('C:\\laragon\\www\\CodeIgniter4-4.6.1\\public\\index.php')
ERROR - 2025-08-15 05:54:55 --> Python script tidak mengembalikan output.
CRITICAL - 2025-08-15 05:54:56 --> CodeIgniter\HTTP\Exceptions\BadRequestException: The URI you submitted has disallowed characters: "thumbnail-Israel-Klaim-Sudan-Selatan-Siap-Terima-Warga-Palestina-dari-Gaza,-Pemerintah-Bantah-1755231947.jpg"
[Method: GET, Route: uploads/thumbnail/thumbnail-Israel-Klaim-Sudan-Selatan-Siap-Terima-Warga-Palestina-dari-Gaza,-Pemerintah-Bantah-1755231947.jpg]
in SYSTEMPATH\Router\Router.php on line 741.
 1 SYSTEMPATH\Router\Router.php(207): CodeIgniter\Router\Router->checkDisallowedChars()
 2 SYSTEMPATH\CodeIgniter.php(832): CodeIgniter\Router\Router->handle()
 3 SYSTEMPATH\CodeIgniter.php(455): CodeIgniter\CodeIgniter->tryToRouteIt()
 4 SYSTEMPATH\CodeIgniter.php(354): CodeIgniter\CodeIgniter->handleRequest()
 5 SYSTEMPATH\Boot.php(334): CodeIgniter\CodeIgniter->run()
 6 SYSTEMPATH\Boot.php(67): CodeIgniter\Boot::runCodeIgniter()
 7 FCPATH\index.php(59): CodeIgniter\Boot::bootWeb()
 8 SYSTEMPATH\rewrite.php(44): require_once('C:\\laragon\\www\\CodeIgniter4-4.6.1\\public\\index.php')
CRITICAL - 2025-08-15 05:54:58 --> CodeIgniter\HTTP\Exceptions\BadRequestException: The URI you submitted has disallowed characters: "thumbnail-Tala-dan-Mohamed,-Anak-Palestina-yang-Beri-Pesan-Kuat-di-Podium-Piala-Super-Eropa-1755139977.jpg"
[Method: GET, Route: uploads/thumbnail/thumbnail-Tala-dan-Mohamed,-Anak-Palestina-yang-Beri-Pesan-Kuat-di-Podium-Piala-Super-Eropa-1755139977.jpg]
in SYSTEMPATH\Router\Router.php on line 741.
 1 SYSTEMPATH\Router\Router.php(207): CodeIgniter\Router\Router->checkDisallowedChars()
 2 SYSTEMPATH\CodeIgniter.php(832): CodeIgniter\Router\Router->handle()
 3 SYSTEMPATH\CodeIgniter.php(455): CodeIgniter\CodeIgniter->tryToRouteIt()
 4 SYSTEMPATH\CodeIgniter.php(354): CodeIgniter\CodeIgniter->handleRequest()
 5 SYSTEMPATH\Boot.php(334): CodeIgniter\CodeIgniter->run()
 6 SYSTEMPATH\Boot.php(67): CodeIgniter\Boot::runCodeIgniter()
 7 FCPATH\index.php(59): CodeIgniter\Boot::bootWeb()
 8 SYSTEMPATH\rewrite.php(44): require_once('C:\\laragon\\www\\CodeIgniter4-4.6.1\\public\\index.php')
CRITICAL - 2025-08-15 05:54:58 --> CodeIgniter\HTTP\Exceptions\BadRequestException: The URI you submitted has disallowed characters: "thumbnail-Israel-Larang-430-Jenis-Makanan-Masuk-Gaza,-Krisis-Pangan-Semakin-Parah-1755055336.jpg"
[Method: GET, Route: uploads/thumbnail/thumbnail-Israel-Larang-430-Jenis-Makanan-Masuk-Gaza,-Krisis-Pangan-Semakin-Parah-1755055336.jpg]
in SYSTEMPATH\Router\Router.php on line 741.
 1 SYSTEMPATH\Router\Router.php(207): CodeIgniter\Router\Router->checkDisallowedChars()
 2 SYSTEMPATH\CodeIgniter.php(832): CodeIgniter\Router\Router->handle()
 3 SYSTEMPATH\CodeIgniter.php(455): CodeIgniter\CodeIgniter->tryToRouteIt()
 4 SYSTEMPATH\CodeIgniter.php(354): CodeIgniter\CodeIgniter->handleRequest()
 5 SYSTEMPATH\Boot.php(334): CodeIgniter\CodeIgniter->run()
 6 SYSTEMPATH\Boot.php(67): CodeIgniter\Boot::runCodeIgniter()
 7 FCPATH\index.php(59): CodeIgniter\Boot::bootWeb()
 8 SYSTEMPATH\rewrite.php(44): require_once('C:\\laragon\\www\\CodeIgniter4-4.6.1\\public\\index.php')
CRITICAL - 2025-08-15 05:56:11 --> CodeIgniter\HTTP\Exceptions\BadRequestException: The URI you submitted has disallowed characters: "thumbnail-Israel-Klaim-Sudan-Selatan-Siap-Terima-Warga-Palestina-dari-Gaza,-Pemerintah-Bantah-1755231947.jpg"
[Method: GET, Route: uploads/thumbnail/thumbnail-Israel-Klaim-Sudan-Selatan-Siap-Terima-Warga-Palestina-dari-Gaza,-Pemerintah-Bantah-1755231947.jpg]
in SYSTEMPATH\Router\Router.php on line 741.
 1 SYSTEMPATH\Router\Router.php(207): CodeIgniter\Router\Router->checkDisallowedChars()
 2 SYSTEMPATH\CodeIgniter.php(832): CodeIgniter\Router\Router->handle()
 3 SYSTEMPATH\CodeIgniter.php(455): CodeIgniter\CodeIgniter->tryToRouteIt()
 4 SYSTEMPATH\CodeIgniter.php(354): CodeIgniter\CodeIgniter->handleRequest()
 5 SYSTEMPATH\Boot.php(334): CodeIgniter\CodeIgniter->run()
 6 SYSTEMPATH\Boot.php(67): CodeIgniter\Boot::runCodeIgniter()
 7 FCPATH\index.php(59): CodeIgniter\Boot::bootWeb()
 8 SYSTEMPATH\rewrite.php(44): require_once('C:\\laragon\\www\\CodeIgniter4-4.6.1\\public\\index.php')
CRITICAL - 2025-08-15 05:56:13 --> CodeIgniter\HTTP\Exceptions\BadRequestException: The URI you submitted has disallowed characters: "thumbnail-Tala-dan-Mohamed,-Anak-Palestina-yang-Beri-Pesan-Kuat-di-Podium-Piala-Super-Eropa-1755139977.jpg"
[Method: GET, Route: uploads/thumbnail/thumbnail-Tala-dan-Mohamed,-Anak-Palestina-yang-Beri-Pesan-Kuat-di-Podium-Piala-Super-Eropa-1755139977.jpg]
in SYSTEMPATH\Router\Router.php on line 741.
 1 SYSTEMPATH\Router\Router.php(207): CodeIgniter\Router\Router->checkDisallowedChars()
 2 SYSTEMPATH\CodeIgniter.php(832): CodeIgniter\Router\Router->handle()
 3 SYSTEMPATH\CodeIgniter.php(455): CodeIgniter\CodeIgniter->tryToRouteIt()
 4 SYSTEMPATH\CodeIgniter.php(354): CodeIgniter\CodeIgniter->handleRequest()
 5 SYSTEMPATH\Boot.php(334): CodeIgniter\CodeIgniter->run()
 6 SYSTEMPATH\Boot.php(67): CodeIgniter\Boot::runCodeIgniter()
 7 FCPATH\index.php(59): CodeIgniter\Boot::bootWeb()
 8 SYSTEMPATH\rewrite.php(44): require_once('C:\\laragon\\www\\CodeIgniter4-4.6.1\\public\\index.php')
CRITICAL - 2025-08-15 05:56:13 --> CodeIgniter\HTTP\Exceptions\BadRequestException: The URI you submitted has disallowed characters: "thumbnail-Israel-Larang-430-Jenis-Makanan-Masuk-Gaza,-Krisis-Pangan-Semakin-Parah-1755055336.jpg"
[Method: GET, Route: uploads/thumbnail/thumbnail-Israel-Larang-430-Jenis-Makanan-Masuk-Gaza,-Krisis-Pangan-Semakin-Parah-1755055336.jpg]
in SYSTEMPATH\Router\Router.php on line 741.
 1 SYSTEMPATH\Router\Router.php(207): CodeIgniter\Router\Router->checkDisallowedChars()
 2 SYSTEMPATH\CodeIgniter.php(832): CodeIgniter\Router\Router->handle()
 3 SYSTEMPATH\CodeIgniter.php(455): CodeIgniter\CodeIgniter->tryToRouteIt()
 4 SYSTEMPATH\CodeIgniter.php(354): CodeIgniter\CodeIgniter->handleRequest()
 5 SYSTEMPATH\Boot.php(334): CodeIgniter\CodeIgniter->run()
 6 SYSTEMPATH\Boot.php(67): CodeIgniter\Boot::runCodeIgniter()
 7 FCPATH\index.php(59): CodeIgniter\Boot::bootWeb()
 8 SYSTEMPATH\rewrite.php(44): require_once('C:\\laragon\\www\\CodeIgniter4-4.6.1\\public\\index.php')
CRITICAL - 2025-08-15 06:00:49 --> CodeIgniter\HTTP\Exceptions\BadRequestException: The URI you submitted has disallowed characters: "thumbnail-Israel-Klaim-Sudan-Selatan-Siap-Terima-Warga-Palestina-dari-Gaza,-Pemerintah-Bantah-1755231947.jpg"
[Method: GET, Route: uploads/thumbnail/thumbnail-Israel-Klaim-Sudan-Selatan-Siap-Terima-Warga-Palestina-dari-Gaza,-Pemerintah-Bantah-1755231947.jpg]
in SYSTEMPATH\Router\Router.php on line 741.
 1 SYSTEMPATH\Router\Router.php(207): CodeIgniter\Router\Router->checkDisallowedChars()
 2 SYSTEMPATH\CodeIgniter.php(832): CodeIgniter\Router\Router->handle()
 3 SYSTEMPATH\CodeIgniter.php(455): CodeIgniter\CodeIgniter->tryToRouteIt()
 4 SYSTEMPATH\CodeIgniter.php(354): CodeIgniter\CodeIgniter->handleRequest()
 5 SYSTEMPATH\Boot.php(334): CodeIgniter\CodeIgniter->run()
 6 SYSTEMPATH\Boot.php(67): CodeIgniter\Boot::runCodeIgniter()
 7 FCPATH\index.php(59): CodeIgniter\Boot::bootWeb()
 8 SYSTEMPATH\rewrite.php(44): require_once('C:\\laragon\\www\\CodeIgniter4-4.6.1\\public\\index.php')
CRITICAL - 2025-08-15 06:00:51 --> CodeIgniter\HTTP\Exceptions\BadRequestException: The URI you submitted has disallowed characters: "thumbnail-Tala-dan-Mohamed,-Anak-Palestina-yang-Beri-Pesan-Kuat-di-Podium-Piala-Super-Eropa-1755139977.jpg"
[Method: GET, Route: uploads/thumbnail/thumbnail-Tala-dan-Mohamed,-Anak-Palestina-yang-Beri-Pesan-Kuat-di-Podium-Piala-Super-Eropa-1755139977.jpg]
in SYSTEMPATH\Router\Router.php on line 741.
 1 SYSTEMPATH\Router\Router.php(207): CodeIgniter\Router\Router->checkDisallowedChars()
 2 SYSTEMPATH\CodeIgniter.php(832): CodeIgniter\Router\Router->handle()
 3 SYSTEMPATH\CodeIgniter.php(455): CodeIgniter\CodeIgniter->tryToRouteIt()
 4 SYSTEMPATH\CodeIgniter.php(354): CodeIgniter\CodeIgniter->handleRequest()
 5 SYSTEMPATH\Boot.php(334): CodeIgniter\CodeIgniter->run()
 6 SYSTEMPATH\Boot.php(67): CodeIgniter\Boot::runCodeIgniter()
 7 FCPATH\index.php(59): CodeIgniter\Boot::bootWeb()
 8 SYSTEMPATH\rewrite.php(44): require_once('C:\\laragon\\www\\CodeIgniter4-4.6.1\\public\\index.php')
CRITICAL - 2025-08-15 06:00:51 --> CodeIgniter\HTTP\Exceptions\BadRequestException: The URI you submitted has disallowed characters: "thumbnail-Israel-Larang-430-Jenis-Makanan-Masuk-Gaza,-Krisis-Pangan-Semakin-Parah-1755055336.jpg"
[Method: GET, Route: uploads/thumbnail/thumbnail-Israel-Larang-430-Jenis-Makanan-Masuk-Gaza,-Krisis-Pangan-Semakin-Parah-1755055336.jpg]
in SYSTEMPATH\Router\Router.php on line 741.
 1 SYSTEMPATH\Router\Router.php(207): CodeIgniter\Router\Router->checkDisallowedChars()
 2 SYSTEMPATH\CodeIgniter.php(832): CodeIgniter\Router\Router->handle()
 3 SYSTEMPATH\CodeIgniter.php(455): CodeIgniter\CodeIgniter->tryToRouteIt()
 4 SYSTEMPATH\CodeIgniter.php(354): CodeIgniter\CodeIgniter->handleRequest()
 5 SYSTEMPATH\Boot.php(334): CodeIgniter\CodeIgniter->run()
 6 SYSTEMPATH\Boot.php(67): CodeIgniter\Boot::runCodeIgniter()
 7 FCPATH\index.php(59): CodeIgniter\Boot::bootWeb()
 8 SYSTEMPATH\rewrite.php(44): require_once('C:\\laragon\\www\\CodeIgniter4-4.6.1\\public\\index.php')
CRITICAL - 2025-08-15 06:06:58 --> CodeIgniter\HTTP\Exceptions\BadRequestException: The URI you submitted has disallowed characters: "thumbnail-Israel-Klaim-Sudan-Selatan-Siap-Terima-Warga-Palestina-dari-Gaza,-Pemerintah-Bantah-1755231947.jpg"
[Method: GET, Route: uploads/thumbnail/thumbnail-Israel-Klaim-Sudan-Selatan-Siap-Terima-Warga-Palestina-dari-Gaza,-Pemerintah-Bantah-1755231947.jpg]
in SYSTEMPATH\Router\Router.php on line 741.
 1 SYSTEMPATH\Router\Router.php(207): CodeIgniter\Router\Router->checkDisallowedChars()
 2 SYSTEMPATH\CodeIgniter.php(832): CodeIgniter\Router\Router->handle()
 3 SYSTEMPATH\CodeIgniter.php(455): CodeIgniter\CodeIgniter->tryToRouteIt()
 4 SYSTEMPATH\CodeIgniter.php(354): CodeIgniter\CodeIgniter->handleRequest()
 5 SYSTEMPATH\Boot.php(334): CodeIgniter\CodeIgniter->run()
 6 SYSTEMPATH\Boot.php(67): CodeIgniter\Boot::runCodeIgniter()
 7 FCPATH\index.php(59): CodeIgniter\Boot::bootWeb()
 8 SYSTEMPATH\rewrite.php(44): require_once('C:\\laragon\\www\\CodeIgniter4-4.6.1\\public\\index.php')
CRITICAL - 2025-08-15 06:06:59 --> CodeIgniter\HTTP\Exceptions\BadRequestException: The URI you submitted has disallowed characters: "thumbnail-Tala-dan-Mohamed,-Anak-Palestina-yang-Beri-Pesan-Kuat-di-Podium-Piala-Super-Eropa-1755139977.jpg"
[Method: GET, Route: uploads/thumbnail/thumbnail-Tala-dan-Mohamed,-Anak-Palestina-yang-Beri-Pesan-Kuat-di-Podium-Piala-Super-Eropa-1755139977.jpg]
in SYSTEMPATH\Router\Router.php on line 741.
 1 SYSTEMPATH\Router\Router.php(207): CodeIgniter\Router\Router->checkDisallowedChars()
 2 SYSTEMPATH\CodeIgniter.php(832): CodeIgniter\Router\Router->handle()
 3 SYSTEMPATH\CodeIgniter.php(455): CodeIgniter\CodeIgniter->tryToRouteIt()
 4 SYSTEMPATH\CodeIgniter.php(354): CodeIgniter\CodeIgniter->handleRequest()
 5 SYSTEMPATH\Boot.php(334): CodeIgniter\CodeIgniter->run()
 6 SYSTEMPATH\Boot.php(67): CodeIgniter\Boot::runCodeIgniter()
 7 FCPATH\index.php(59): CodeIgniter\Boot::bootWeb()
 8 SYSTEMPATH\rewrite.php(44): require_once('C:\\laragon\\www\\CodeIgniter4-4.6.1\\public\\index.php')
CRITICAL - 2025-08-15 06:07:00 --> CodeIgniter\HTTP\Exceptions\BadRequestException: The URI you submitted has disallowed characters: "thumbnail-Israel-Larang-430-Jenis-Makanan-Masuk-Gaza,-Krisis-Pangan-Semakin-Parah-1755055336.jpg"
[Method: GET, Route: uploads/thumbnail/thumbnail-Israel-Larang-430-Jenis-Makanan-Masuk-Gaza,-Krisis-Pangan-Semakin-Parah-1755055336.jpg]
in SYSTEMPATH\Router\Router.php on line 741.
 1 SYSTEMPATH\Router\Router.php(207): CodeIgniter\Router\Router->checkDisallowedChars()
 2 SYSTEMPATH\CodeIgniter.php(832): CodeIgniter\Router\Router->handle()
 3 SYSTEMPATH\CodeIgniter.php(455): CodeIgniter\CodeIgniter->tryToRouteIt()
 4 SYSTEMPATH\CodeIgniter.php(354): CodeIgniter\CodeIgniter->handleRequest()
 5 SYSTEMPATH\Boot.php(334): CodeIgniter\CodeIgniter->run()
 6 SYSTEMPATH\Boot.php(67): CodeIgniter\Boot::runCodeIgniter()
 7 FCPATH\index.php(59): CodeIgniter\Boot::bootWeb()
 8 SYSTEMPATH\rewrite.php(44): require_once('C:\\laragon\\www\\CodeIgniter4-4.6.1\\public\\index.php')
CRITICAL - 2025-08-15 06:09:54 --> CodeIgniter\HTTP\Exceptions\BadRequestException: The URI you submitted has disallowed characters: "thumbnail-Israel-Klaim-Sudan-Selatan-Siap-Terima-Warga-Palestina-dari-Gaza,-Pemerintah-Bantah-1755231947.jpg"
[Method: GET, Route: uploads/thumbnail/thumbnail-Israel-Klaim-Sudan-Selatan-Siap-Terima-Warga-Palestina-dari-Gaza,-Pemerintah-Bantah-1755231947.jpg]
in SYSTEMPATH\Router\Router.php on line 741.
 1 SYSTEMPATH\Router\Router.php(207): CodeIgniter\Router\Router->checkDisallowedChars()
 2 SYSTEMPATH\CodeIgniter.php(832): CodeIgniter\Router\Router->handle()
 3 SYSTEMPATH\CodeIgniter.php(455): CodeIgniter\CodeIgniter->tryToRouteIt()
 4 SYSTEMPATH\CodeIgniter.php(354): CodeIgniter\CodeIgniter->handleRequest()
 5 SYSTEMPATH\Boot.php(334): CodeIgniter\CodeIgniter->run()
 6 SYSTEMPATH\Boot.php(67): CodeIgniter\Boot::runCodeIgniter()
 7 FCPATH\index.php(59): CodeIgniter\Boot::bootWeb()
 8 SYSTEMPATH\rewrite.php(44): require_once('C:\\laragon\\www\\CodeIgniter4-4.6.1\\public\\index.php')
CRITICAL - 2025-08-15 06:09:55 --> CodeIgniter\HTTP\Exceptions\BadRequestException: The URI you submitted has disallowed characters: "thumbnail-Tala-dan-Mohamed,-Anak-Palestina-yang-Beri-Pesan-Kuat-di-Podium-Piala-Super-Eropa-1755139977.jpg"
[Method: GET, Route: uploads/thumbnail/thumbnail-Tala-dan-Mohamed,-Anak-Palestina-yang-Beri-Pesan-Kuat-di-Podium-Piala-Super-Eropa-1755139977.jpg]
in SYSTEMPATH\Router\Router.php on line 741.
 1 SYSTEMPATH\Router\Router.php(207): CodeIgniter\Router\Router->checkDisallowedChars()
 2 SYSTEMPATH\CodeIgniter.php(832): CodeIgniter\Router\Router->handle()
 3 SYSTEMPATH\CodeIgniter.php(455): CodeIgniter\CodeIgniter->tryToRouteIt()
 4 SYSTEMPATH\CodeIgniter.php(354): CodeIgniter\CodeIgniter->handleRequest()
 5 SYSTEMPATH\Boot.php(334): CodeIgniter\CodeIgniter->run()
 6 SYSTEMPATH\Boot.php(67): CodeIgniter\Boot::runCodeIgniter()
 7 FCPATH\index.php(59): CodeIgniter\Boot::bootWeb()
 8 SYSTEMPATH\rewrite.php(44): require_once('C:\\laragon\\www\\CodeIgniter4-4.6.1\\public\\index.php')
CRITICAL - 2025-08-15 06:09:55 --> CodeIgniter\HTTP\Exceptions\BadRequestException: The URI you submitted has disallowed characters: "thumbnail-Israel-Larang-430-Jenis-Makanan-Masuk-Gaza,-Krisis-Pangan-Semakin-Parah-1755055336.jpg"
[Method: GET, Route: uploads/thumbnail/thumbnail-Israel-Larang-430-Jenis-Makanan-Masuk-Gaza,-Krisis-Pangan-Semakin-Parah-1755055336.jpg]
in SYSTEMPATH\Router\Router.php on line 741.
 1 SYSTEMPATH\Router\Router.php(207): CodeIgniter\Router\Router->checkDisallowedChars()
 2 SYSTEMPATH\CodeIgniter.php(832): CodeIgniter\Router\Router->handle()
 3 SYSTEMPATH\CodeIgniter.php(455): CodeIgniter\CodeIgniter->tryToRouteIt()
 4 SYSTEMPATH\CodeIgniter.php(354): CodeIgniter\CodeIgniter->handleRequest()
 5 SYSTEMPATH\Boot.php(334): CodeIgniter\CodeIgniter->run()
 6 SYSTEMPATH\Boot.php(67): CodeIgniter\Boot::runCodeIgniter()
 7 FCPATH\index.php(59): CodeIgniter\Boot::bootWeb()
 8 SYSTEMPATH\rewrite.php(44): require_once('C:\\laragon\\www\\CodeIgniter4-4.6.1\\public\\index.php')
ERROR - 2025-08-15 06:12:54 --> Python script returned error on stderr: Tidak ada aktivitas terbaru untuk session_id: 04da23dcf8ec7bc07fa9b8f3098afef6. Menggunakan fallback populer.
C:\laragon\www\CodeIgniter4-4.6.1\ml\ml_core.py:199: SettingWithCopyWarning: 
A value is trying to be set on a copy of a slice from a DataFrame.
Try using .loc[row_indexer,col_indexer] = value instead

See the caveats in the documentation: https://pandas.pydata.org/pandas-docs/stable/user_guide/indexing.html#returning-a-view-versus-a-copy
  popular_df['id_artikel'] = pd.Categorical(popular_df['id_artikel'], categories=popular_ids, ordered=True)

CRITICAL - 2025-08-15 06:12:55 --> CodeIgniter\HTTP\Exceptions\BadRequestException: The URI you submitted has disallowed characters: "thumbnail-Israel-Klaim-Sudan-Selatan-Siap-Terima-Warga-Palestina-dari-Gaza,-Pemerintah-Bantah-1755231947.jpg"
[Method: GET, Route: uploads/thumbnail/thumbnail-Israel-Klaim-Sudan-Selatan-Siap-Terima-Warga-Palestina-dari-Gaza,-Pemerintah-Bantah-1755231947.jpg]
in SYSTEMPATH\Router\Router.php on line 741.
 1 SYSTEMPATH\Router\Router.php(207): CodeIgniter\Router\Router->checkDisallowedChars()
 2 SYSTEMPATH\CodeIgniter.php(832): CodeIgniter\Router\Router->handle()
 3 SYSTEMPATH\CodeIgniter.php(455): CodeIgniter\CodeIgniter->tryToRouteIt()
 4 SYSTEMPATH\CodeIgniter.php(354): CodeIgniter\CodeIgniter->handleRequest()
 5 SYSTEMPATH\Boot.php(334): CodeIgniter\CodeIgniter->run()
 6 SYSTEMPATH\Boot.php(67): CodeIgniter\Boot::runCodeIgniter()
 7 FCPATH\index.php(59): CodeIgniter\Boot::bootWeb()
 8 SYSTEMPATH\rewrite.php(44): require_once('C:\\laragon\\www\\CodeIgniter4-4.6.1\\public\\index.php')
CRITICAL - 2025-08-15 06:12:57 --> CodeIgniter\HTTP\Exceptions\BadRequestException: The URI you submitted has disallowed characters: "thumbnail-Tala-dan-Mohamed,-Anak-Palestina-yang-Beri-Pesan-Kuat-di-Podium-Piala-Super-Eropa-1755139977.jpg"
[Method: GET, Route: uploads/thumbnail/thumbnail-Tala-dan-Mohamed,-Anak-Palestina-yang-Beri-Pesan-Kuat-di-Podium-Piala-Super-Eropa-1755139977.jpg]
in SYSTEMPATH\Router\Router.php on line 741.
 1 SYSTEMPATH\Router\Router.php(207): CodeIgniter\Router\Router->checkDisallowedChars()
 2 SYSTEMPATH\CodeIgniter.php(832): CodeIgniter\Router\Router->handle()
 3 SYSTEMPATH\CodeIgniter.php(455): CodeIgniter\CodeIgniter->tryToRouteIt()
 4 SYSTEMPATH\CodeIgniter.php(354): CodeIgniter\CodeIgniter->handleRequest()
 5 SYSTEMPATH\Boot.php(334): CodeIgniter\CodeIgniter->run()
 6 SYSTEMPATH\Boot.php(67): CodeIgniter\Boot::runCodeIgniter()
 7 FCPATH\index.php(59): CodeIgniter\Boot::bootWeb()
 8 SYSTEMPATH\rewrite.php(44): require_once('C:\\laragon\\www\\CodeIgniter4-4.6.1\\public\\index.php')
CRITICAL - 2025-08-15 06:12:57 --> CodeIgniter\HTTP\Exceptions\BadRequestException: The URI you submitted has disallowed characters: "thumbnail-Israel-Larang-430-Jenis-Makanan-Masuk-Gaza,-Krisis-Pangan-Semakin-Parah-1755055336.jpg"
[Method: GET, Route: uploads/thumbnail/thumbnail-Israel-Larang-430-Jenis-Makanan-Masuk-Gaza,-Krisis-Pangan-Semakin-Parah-1755055336.jpg]
in SYSTEMPATH\Router\Router.php on line 741.
 1 SYSTEMPATH\Router\Router.php(207): CodeIgniter\Router\Router->checkDisallowedChars()
 2 SYSTEMPATH\CodeIgniter.php(832): CodeIgniter\Router\Router->handle()
 3 SYSTEMPATH\CodeIgniter.php(455): CodeIgniter\CodeIgniter->tryToRouteIt()
 4 SYSTEMPATH\CodeIgniter.php(354): CodeIgniter\CodeIgniter->handleRequest()
 5 SYSTEMPATH\Boot.php(334): CodeIgniter\CodeIgniter->run()
 6 SYSTEMPATH\Boot.php(67): CodeIgniter\Boot::runCodeIgniter()
 7 FCPATH\index.php(59): CodeIgniter\Boot::bootWeb()
 8 SYSTEMPATH\rewrite.php(44): require_once('C:\\laragon\\www\\CodeIgniter4-4.6.1\\public\\index.php')
CRITICAL - 2025-08-15 06:15:53 --> CodeIgniter\HTTP\Exceptions\BadRequestException: The URI you submitted has disallowed characters: "thumbnail-Israel-Klaim-Sudan-Selatan-Siap-Terima-Warga-Palestina-dari-Gaza,-Pemerintah-Bantah-1755231947.jpg"
[Method: GET, Route: uploads/thumbnail/thumbnail-Israel-Klaim-Sudan-Selatan-Siap-Terima-Warga-Palestina-dari-Gaza,-Pemerintah-Bantah-1755231947.jpg]
in SYSTEMPATH\Router\Router.php on line 741.
 1 SYSTEMPATH\Router\Router.php(207): CodeIgniter\Router\Router->checkDisallowedChars()
 2 SYSTEMPATH\CodeIgniter.php(832): CodeIgniter\Router\Router->handle()
 3 SYSTEMPATH\CodeIgniter.php(455): CodeIgniter\CodeIgniter->tryToRouteIt()
 4 SYSTEMPATH\CodeIgniter.php(354): CodeIgniter\CodeIgniter->handleRequest()
 5 SYSTEMPATH\Boot.php(334): CodeIgniter\CodeIgniter->run()
 6 SYSTEMPATH\Boot.php(67): CodeIgniter\Boot::runCodeIgniter()
 7 FCPATH\index.php(59): CodeIgniter\Boot::bootWeb()
 8 SYSTEMPATH\rewrite.php(44): require_once('C:\\laragon\\www\\CodeIgniter4-4.6.1\\public\\index.php')
CRITICAL - 2025-08-15 06:15:54 --> CodeIgniter\HTTP\Exceptions\BadRequestException: The URI you submitted has disallowed characters: "thumbnail-Tala-dan-Mohamed,-Anak-Palestina-yang-Beri-Pesan-Kuat-di-Podium-Piala-Super-Eropa-1755139977.jpg"
[Method: GET, Route: uploads/thumbnail/thumbnail-Tala-dan-Mohamed,-Anak-Palestina-yang-Beri-Pesan-Kuat-di-Podium-Piala-Super-Eropa-1755139977.jpg]
in SYSTEMPATH\Router\Router.php on line 741.
 1 SYSTEMPATH\Router\Router.php(207): CodeIgniter\Router\Router->checkDisallowedChars()
 2 SYSTEMPATH\CodeIgniter.php(832): CodeIgniter\Router\Router->handle()
 3 SYSTEMPATH\CodeIgniter.php(455): CodeIgniter\CodeIgniter->tryToRouteIt()
 4 SYSTEMPATH\CodeIgniter.php(354): CodeIgniter\CodeIgniter->handleRequest()
 5 SYSTEMPATH\Boot.php(334): CodeIgniter\CodeIgniter->run()
 6 SYSTEMPATH\Boot.php(67): CodeIgniter\Boot::runCodeIgniter()
 7 FCPATH\index.php(59): CodeIgniter\Boot::bootWeb()
 8 SYSTEMPATH\rewrite.php(44): require_once('C:\\laragon\\www\\CodeIgniter4-4.6.1\\public\\index.php')
CRITICAL - 2025-08-15 06:15:54 --> CodeIgniter\HTTP\Exceptions\BadRequestException: The URI you submitted has disallowed characters: "thumbnail-Israel-Larang-430-Jenis-Makanan-Masuk-Gaza,-Krisis-Pangan-Semakin-Parah-1755055336.jpg"
[Method: GET, Route: uploads/thumbnail/thumbnail-Israel-Larang-430-Jenis-Makanan-Masuk-Gaza,-Krisis-Pangan-Semakin-Parah-1755055336.jpg]
in SYSTEMPATH\Router\Router.php on line 741.
 1 SYSTEMPATH\Router\Router.php(207): CodeIgniter\Router\Router->checkDisallowedChars()
 2 SYSTEMPATH\CodeIgniter.php(832): CodeIgniter\Router\Router->handle()
 3 SYSTEMPATH\CodeIgniter.php(455): CodeIgniter\CodeIgniter->tryToRouteIt()
 4 SYSTEMPATH\CodeIgniter.php(354): CodeIgniter\CodeIgniter->handleRequest()
 5 SYSTEMPATH\Boot.php(334): CodeIgniter\CodeIgniter->run()
 6 SYSTEMPATH\Boot.php(67): CodeIgniter\Boot::runCodeIgniter()
 7 FCPATH\index.php(59): CodeIgniter\Boot::bootWeb()
 8 SYSTEMPATH\rewrite.php(44): require_once('C:\\laragon\\www\\CodeIgniter4-4.6.1\\public\\index.php')
CRITICAL - 2025-08-15 06:29:55 --> CodeIgniter\HTTP\Exceptions\BadRequestException: The URI you submitted has disallowed characters: "thumbnail-Israel-Klaim-Sudan-Selatan-Siap-Terima-Warga-Palestina-dari-Gaza,-Pemerintah-Bantah-1755231947.jpg"
[Method: GET, Route: uploads/thumbnail/thumbnail-Israel-Klaim-Sudan-Selatan-Siap-Terima-Warga-Palestina-dari-Gaza,-Pemerintah-Bantah-1755231947.jpg]
in SYSTEMPATH\Router\Router.php on line 741.
 1 SYSTEMPATH\Router\Router.php(207): CodeIgniter\Router\Router->checkDisallowedChars()
 2 SYSTEMPATH\CodeIgniter.php(832): CodeIgniter\Router\Router->handle()
 3 SYSTEMPATH\CodeIgniter.php(455): CodeIgniter\CodeIgniter->tryToRouteIt()
 4 SYSTEMPATH\CodeIgniter.php(354): CodeIgniter\CodeIgniter->handleRequest()
 5 SYSTEMPATH\Boot.php(334): CodeIgniter\CodeIgniter->run()
 6 SYSTEMPATH\Boot.php(67): CodeIgniter\Boot::runCodeIgniter()
 7 FCPATH\index.php(59): CodeIgniter\Boot::bootWeb()
 8 SYSTEMPATH\rewrite.php(44): require_once('C:\\laragon\\www\\CodeIgniter4-4.6.1\\public\\index.php')
CRITICAL - 2025-08-15 06:29:56 --> CodeIgniter\HTTP\Exceptions\BadRequestException: The URI you submitted has disallowed characters: "thumbnail-Tala-dan-Mohamed,-Anak-Palestina-yang-Beri-Pesan-Kuat-di-Podium-Piala-Super-Eropa-1755139977.jpg"
[Method: GET, Route: uploads/thumbnail/thumbnail-Tala-dan-Mohamed,-Anak-Palestina-yang-Beri-Pesan-Kuat-di-Podium-Piala-Super-Eropa-1755139977.jpg]
in SYSTEMPATH\Router\Router.php on line 741.
 1 SYSTEMPATH\Router\Router.php(207): CodeIgniter\Router\Router->checkDisallowedChars()
 2 SYSTEMPATH\CodeIgniter.php(832): CodeIgniter\Router\Router->handle()
 3 SYSTEMPATH\CodeIgniter.php(455): CodeIgniter\CodeIgniter->tryToRouteIt()
 4 SYSTEMPATH\CodeIgniter.php(354): CodeIgniter\CodeIgniter->handleRequest()
 5 SYSTEMPATH\Boot.php(334): CodeIgniter\CodeIgniter->run()
 6 SYSTEMPATH\Boot.php(67): CodeIgniter\Boot::runCodeIgniter()
 7 FCPATH\index.php(59): CodeIgniter\Boot::bootWeb()
 8 SYSTEMPATH\rewrite.php(44): require_once('C:\\laragon\\www\\CodeIgniter4-4.6.1\\public\\index.php')
CRITICAL - 2025-08-15 06:29:56 --> CodeIgniter\HTTP\Exceptions\BadRequestException: The URI you submitted has disallowed characters: "thumbnail-Israel-Larang-430-Jenis-Makanan-Masuk-Gaza,-Krisis-Pangan-Semakin-Parah-1755055336.jpg"
[Method: GET, Route: uploads/thumbnail/thumbnail-Israel-Larang-430-Jenis-Makanan-Masuk-Gaza,-Krisis-Pangan-Semakin-Parah-1755055336.jpg]
in SYSTEMPATH\Router\Router.php on line 741.
 1 SYSTEMPATH\Router\Router.php(207): CodeIgniter\Router\Router->checkDisallowedChars()
 2 SYSTEMPATH\CodeIgniter.php(832): CodeIgniter\Router\Router->handle()
 3 SYSTEMPATH\CodeIgniter.php(455): CodeIgniter\CodeIgniter->tryToRouteIt()
 4 SYSTEMPATH\CodeIgniter.php(354): CodeIgniter\CodeIgniter->handleRequest()
 5 SYSTEMPATH\Boot.php(334): CodeIgniter\CodeIgniter->run()
 6 SYSTEMPATH\Boot.php(67): CodeIgniter\Boot::runCodeIgniter()
 7 FCPATH\index.php(59): CodeIgniter\Boot::bootWeb()
 8 SYSTEMPATH\rewrite.php(44): require_once('C:\\laragon\\www\\CodeIgniter4-4.6.1\\public\\index.php')
CRITICAL - 2025-08-15 06:33:13 --> CodeIgniter\HTTP\Exceptions\BadRequestException: The URI you submitted has disallowed characters: "thumbnail-Israel-Klaim-Sudan-Selatan-Siap-Terima-Warga-Palestina-dari-Gaza,-Pemerintah-Bantah-1755231947.jpg"
[Method: GET, Route: uploads/thumbnail/thumbnail-Israel-Klaim-Sudan-Selatan-Siap-Terima-Warga-Palestina-dari-Gaza,-Pemerintah-Bantah-1755231947.jpg]
in SYSTEMPATH\Router\Router.php on line 741.
 1 SYSTEMPATH\Router\Router.php(207): CodeIgniter\Router\Router->checkDisallowedChars()
 2 SYSTEMPATH\CodeIgniter.php(832): CodeIgniter\Router\Router->handle()
 3 SYSTEMPATH\CodeIgniter.php(455): CodeIgniter\CodeIgniter->tryToRouteIt()
 4 SYSTEMPATH\CodeIgniter.php(354): CodeIgniter\CodeIgniter->handleRequest()
 5 SYSTEMPATH\Boot.php(334): CodeIgniter\CodeIgniter->run()
 6 SYSTEMPATH\Boot.php(67): CodeIgniter\Boot::runCodeIgniter()
 7 FCPATH\index.php(59): CodeIgniter\Boot::bootWeb()
 8 SYSTEMPATH\rewrite.php(44): require_once('C:\\laragon\\www\\CodeIgniter4-4.6.1\\public\\index.php')
CRITICAL - 2025-08-15 06:33:15 --> CodeIgniter\HTTP\Exceptions\BadRequestException: The URI you submitted has disallowed characters: "thumbnail-Tala-dan-Mohamed,-Anak-Palestina-yang-Beri-Pesan-Kuat-di-Podium-Piala-Super-Eropa-1755139977.jpg"
[Method: GET, Route: uploads/thumbnail/thumbnail-Tala-dan-Mohamed,-Anak-Palestina-yang-Beri-Pesan-Kuat-di-Podium-Piala-Super-Eropa-1755139977.jpg]
in SYSTEMPATH\Router\Router.php on line 741.
 1 SYSTEMPATH\Router\Router.php(207): CodeIgniter\Router\Router->checkDisallowedChars()
 2 SYSTEMPATH\CodeIgniter.php(832): CodeIgniter\Router\Router->handle()
 3 SYSTEMPATH\CodeIgniter.php(455): CodeIgniter\CodeIgniter->tryToRouteIt()
 4 SYSTEMPATH\CodeIgniter.php(354): CodeIgniter\CodeIgniter->handleRequest()
 5 SYSTEMPATH\Boot.php(334): CodeIgniter\CodeIgniter->run()
 6 SYSTEMPATH\Boot.php(67): CodeIgniter\Boot::runCodeIgniter()
 7 FCPATH\index.php(59): CodeIgniter\Boot::bootWeb()
 8 SYSTEMPATH\rewrite.php(44): require_once('C:\\laragon\\www\\CodeIgniter4-4.6.1\\public\\index.php')
CRITICAL - 2025-08-15 06:33:15 --> CodeIgniter\HTTP\Exceptions\BadRequestException: The URI you submitted has disallowed characters: "thumbnail-Israel-Larang-430-Jenis-Makanan-Masuk-Gaza,-Krisis-Pangan-Semakin-Parah-1755055336.jpg"
[Method: GET, Route: uploads/thumbnail/thumbnail-Israel-Larang-430-Jenis-Makanan-Masuk-Gaza,-Krisis-Pangan-Semakin-Parah-1755055336.jpg]
in SYSTEMPATH\Router\Router.php on line 741.
 1 SYSTEMPATH\Router\Router.php(207): CodeIgniter\Router\Router->checkDisallowedChars()
 2 SYSTEMPATH\CodeIgniter.php(832): CodeIgniter\Router\Router->handle()
 3 SYSTEMPATH\CodeIgniter.php(455): CodeIgniter\CodeIgniter->tryToRouteIt()
 4 SYSTEMPATH\CodeIgniter.php(354): CodeIgniter\CodeIgniter->handleRequest()
 5 SYSTEMPATH\Boot.php(334): CodeIgniter\CodeIgniter->run()
 6 SYSTEMPATH\Boot.php(67): CodeIgniter\Boot::runCodeIgniter()
 7 FCPATH\index.php(59): CodeIgniter\Boot::bootWeb()
 8 SYSTEMPATH\rewrite.php(44): require_once('C:\\laragon\\www\\CodeIgniter4-4.6.1\\public\\index.php')
CRITICAL - 2025-08-15 06:34:58 --> CodeIgniter\HTTP\Exceptions\BadRequestException: The URI you submitted has disallowed characters: "thumbnail-Israel-Klaim-Sudan-Selatan-Siap-Terima-Warga-Palestina-dari-Gaza,-Pemerintah-Bantah-1755231947.jpg"
[Method: GET, Route: uploads/thumbnail/thumbnail-Israel-Klaim-Sudan-Selatan-Siap-Terima-Warga-Palestina-dari-Gaza,-Pemerintah-Bantah-1755231947.jpg]
in SYSTEMPATH\Router\Router.php on line 741.
 1 SYSTEMPATH\Router\Router.php(207): CodeIgniter\Router\Router->checkDisallowedChars()
 2 SYSTEMPATH\CodeIgniter.php(832): CodeIgniter\Router\Router->handle()
 3 SYSTEMPATH\CodeIgniter.php(455): CodeIgniter\CodeIgniter->tryToRouteIt()
 4 SYSTEMPATH\CodeIgniter.php(354): CodeIgniter\CodeIgniter->handleRequest()
 5 SYSTEMPATH\Boot.php(334): CodeIgniter\CodeIgniter->run()
 6 SYSTEMPATH\Boot.php(67): CodeIgniter\Boot::runCodeIgniter()
 7 FCPATH\index.php(59): CodeIgniter\Boot::bootWeb()
 8 SYSTEMPATH\rewrite.php(44): require_once('C:\\laragon\\www\\CodeIgniter4-4.6.1\\public\\index.php')
CRITICAL - 2025-08-15 06:34:59 --> CodeIgniter\HTTP\Exceptions\BadRequestException: The URI you submitted has disallowed characters: "thumbnail-Tala-dan-Mohamed,-Anak-Palestina-yang-Beri-Pesan-Kuat-di-Podium-Piala-Super-Eropa-1755139977.jpg"
[Method: GET, Route: uploads/thumbnail/thumbnail-Tala-dan-Mohamed,-Anak-Palestina-yang-Beri-Pesan-Kuat-di-Podium-Piala-Super-Eropa-1755139977.jpg]
in SYSTEMPATH\Router\Router.php on line 741.
 1 SYSTEMPATH\Router\Router.php(207): CodeIgniter\Router\Router->checkDisallowedChars()
 2 SYSTEMPATH\CodeIgniter.php(832): CodeIgniter\Router\Router->handle()
 3 SYSTEMPATH\CodeIgniter.php(455): CodeIgniter\CodeIgniter->tryToRouteIt()
 4 SYSTEMPATH\CodeIgniter.php(354): CodeIgniter\CodeIgniter->handleRequest()
 5 SYSTEMPATH\Boot.php(334): CodeIgniter\CodeIgniter->run()
 6 SYSTEMPATH\Boot.php(67): CodeIgniter\Boot::runCodeIgniter()
 7 FCPATH\index.php(59): CodeIgniter\Boot::bootWeb()
 8 SYSTEMPATH\rewrite.php(44): require_once('C:\\laragon\\www\\CodeIgniter4-4.6.1\\public\\index.php')
CRITICAL - 2025-08-15 06:34:59 --> CodeIgniter\HTTP\Exceptions\BadRequestException: The URI you submitted has disallowed characters: "thumbnail-Israel-Larang-430-Jenis-Makanan-Masuk-Gaza,-Krisis-Pangan-Semakin-Parah-1755055336.jpg"
[Method: GET, Route: uploads/thumbnail/thumbnail-Israel-Larang-430-Jenis-Makanan-Masuk-Gaza,-Krisis-Pangan-Semakin-Parah-1755055336.jpg]
in SYSTEMPATH\Router\Router.php on line 741.
 1 SYSTEMPATH\Router\Router.php(207): CodeIgniter\Router\Router->checkDisallowedChars()
 2 SYSTEMPATH\CodeIgniter.php(832): CodeIgniter\Router\Router->handle()
 3 SYSTEMPATH\CodeIgniter.php(455): CodeIgniter\CodeIgniter->tryToRouteIt()
 4 SYSTEMPATH\CodeIgniter.php(354): CodeIgniter\CodeIgniter->handleRequest()
 5 SYSTEMPATH\Boot.php(334): CodeIgniter\CodeIgniter->run()
 6 SYSTEMPATH\Boot.php(67): CodeIgniter\Boot::runCodeIgniter()
 7 FCPATH\index.php(59): CodeIgniter\Boot::bootWeb()
 8 SYSTEMPATH\rewrite.php(44): require_once('C:\\laragon\\www\\CodeIgniter4-4.6.1\\public\\index.php')
CRITICAL - 2025-08-15 06:38:14 --> ArgumentCountError: shell_exec() expects exactly 1 argument, 3 given
[Method: GET, Route: id/test]
in APPPATH\Controllers\Beranda.php on line 240.
 1 APPPATH\Controllers\Beranda.php(240): shell_exec()
 2 SYSTEMPATH\CodeIgniter.php(933): App\Controllers\Beranda->test()
 3 SYSTEMPATH\CodeIgniter.php(507): CodeIgniter\CodeIgniter->runController()
 4 SYSTEMPATH\CodeIgniter.php(354): CodeIgniter\CodeIgniter->handleRequest()
 5 SYSTEMPATH\Boot.php(334): CodeIgniter\CodeIgniter->run()
 6 SYSTEMPATH\Boot.php(67): CodeIgniter\Boot::runCodeIgniter()
 7 FCPATH\index.php(59): CodeIgniter\Boot::bootWeb()
 8 SYSTEMPATH\rewrite.php(44): require_once('C:\\laragon\\www\\CodeIgniter4-4.6.1\\public\\index.php')
CRITICAL - 2025-08-15 06:46:56 --> ArgumentCountError: shell_exec() expects exactly 1 argument, 3 given
[Method: GET, Route: id/test]
in APPPATH\Controllers\Beranda.php on line 240.
 1 APPPATH\Controllers\Beranda.php(240): shell_exec()
 2 SYSTEMPATH\CodeIgniter.php(933): App\Controllers\Beranda->test()
 3 SYSTEMPATH\CodeIgniter.php(507): CodeIgniter\CodeIgniter->runController()
 4 SYSTEMPATH\CodeIgniter.php(354): CodeIgniter\CodeIgniter->handleRequest()
 5 SYSTEMPATH\Boot.php(334): CodeIgniter\CodeIgniter->run()
 6 SYSTEMPATH\Boot.php(67): CodeIgniter\Boot::runCodeIgniter()
 7 FCPATH\index.php(59): CodeIgniter\Boot::bootWeb()
 8 SYSTEMPATH\rewrite.php(44): require_once('C:\\laragon\\www\\CodeIgniter4-4.6.1\\public\\index.php')
CRITICAL - 2025-08-15 06:51:23 --> ArgumentCountError: shell_exec() expects exactly 1 argument, 3 given
[Method: GET, Route: id/test]
in APPPATH\Controllers\Beranda.php on line 240.
 1 APPPATH\Controllers\Beranda.php(240): shell_exec()
 2 SYSTEMPATH\CodeIgniter.php(933): App\Controllers\Beranda->test()
 3 SYSTEMPATH\CodeIgniter.php(507): CodeIgniter\CodeIgniter->runController()
 4 SYSTEMPATH\CodeIgniter.php(354): CodeIgniter\CodeIgniter->handleRequest()
 5 SYSTEMPATH\Boot.php(334): CodeIgniter\CodeIgniter->run()
 6 SYSTEMPATH\Boot.php(67): CodeIgniter\Boot::runCodeIgniter()
 7 FCPATH\index.php(59): CodeIgniter\Boot::bootWeb()
 8 SYSTEMPATH\rewrite.php(44): require_once('C:\\laragon\\www\\CodeIgniter4-4.6.1\\public\\index.php')
CRITICAL - 2025-08-15 06:51:26 --> CodeIgniter\HTTP\Exceptions\BadRequestException: The URI you submitted has disallowed characters: "thumbnail-Israel-Klaim-Sudan-Selatan-Siap-Terima-Warga-Palestina-dari-Gaza,-Pemerintah-Bantah-1755231947.jpg"
[Method: GET, Route: uploads/thumbnail/thumbnail-Israel-Klaim-Sudan-Selatan-Siap-Terima-Warga-Palestina-dari-Gaza,-Pemerintah-Bantah-1755231947.jpg]
in SYSTEMPATH\Router\Router.php on line 741.
 1 SYSTEMPATH\Router\Router.php(207): CodeIgniter\Router\Router->checkDisallowedChars()
 2 SYSTEMPATH\CodeIgniter.php(832): CodeIgniter\Router\Router->handle()
 3 SYSTEMPATH\CodeIgniter.php(455): CodeIgniter\CodeIgniter->tryToRouteIt()
 4 SYSTEMPATH\CodeIgniter.php(354): CodeIgniter\CodeIgniter->handleRequest()
 5 SYSTEMPATH\Boot.php(334): CodeIgniter\CodeIgniter->run()
 6 SYSTEMPATH\Boot.php(67): CodeIgniter\Boot::runCodeIgniter()
 7 FCPATH\index.php(59): CodeIgniter\Boot::bootWeb()
 8 SYSTEMPATH\rewrite.php(44): require_once('C:\\laragon\\www\\CodeIgniter4-4.6.1\\public\\index.php')
CRITICAL - 2025-08-15 06:51:27 --> CodeIgniter\HTTP\Exceptions\BadRequestException: The URI you submitted has disallowed characters: "thumbnail-Tala-dan-Mohamed,-Anak-Palestina-yang-Beri-Pesan-Kuat-di-Podium-Piala-Super-Eropa-1755139977.jpg"
[Method: GET, Route: uploads/thumbnail/thumbnail-Tala-dan-Mohamed,-Anak-Palestina-yang-Beri-Pesan-Kuat-di-Podium-Piala-Super-Eropa-1755139977.jpg]
in SYSTEMPATH\Router\Router.php on line 741.
 1 SYSTEMPATH\Router\Router.php(207): CodeIgniter\Router\Router->checkDisallowedChars()
 2 SYSTEMPATH\CodeIgniter.php(832): CodeIgniter\Router\Router->handle()
 3 SYSTEMPATH\CodeIgniter.php(455): CodeIgniter\CodeIgniter->tryToRouteIt()
 4 SYSTEMPATH\CodeIgniter.php(354): CodeIgniter\CodeIgniter->handleRequest()
 5 SYSTEMPATH\Boot.php(334): CodeIgniter\CodeIgniter->run()
 6 SYSTEMPATH\Boot.php(67): CodeIgniter\Boot::runCodeIgniter()
 7 FCPATH\index.php(59): CodeIgniter\Boot::bootWeb()
 8 SYSTEMPATH\rewrite.php(44): require_once('C:\\laragon\\www\\CodeIgniter4-4.6.1\\public\\index.php')
CRITICAL - 2025-08-15 06:51:27 --> CodeIgniter\HTTP\Exceptions\BadRequestException: The URI you submitted has disallowed characters: "thumbnail-Israel-Larang-430-Jenis-Makanan-Masuk-Gaza,-Krisis-Pangan-Semakin-Parah-1755055336.jpg"
[Method: GET, Route: uploads/thumbnail/thumbnail-Israel-Larang-430-Jenis-Makanan-Masuk-Gaza,-Krisis-Pangan-Semakin-Parah-1755055336.jpg]
in SYSTEMPATH\Router\Router.php on line 741.
 1 SYSTEMPATH\Router\Router.php(207): CodeIgniter\Router\Router->checkDisallowedChars()
 2 SYSTEMPATH\CodeIgniter.php(832): CodeIgniter\Router\Router->handle()
 3 SYSTEMPATH\CodeIgniter.php(455): CodeIgniter\CodeIgniter->tryToRouteIt()
 4 SYSTEMPATH\CodeIgniter.php(354): CodeIgniter\CodeIgniter->handleRequest()
 5 SYSTEMPATH\Boot.php(334): CodeIgniter\CodeIgniter->run()
 6 SYSTEMPATH\Boot.php(67): CodeIgniter\Boot::runCodeIgniter()
 7 FCPATH\index.php(59): CodeIgniter\Boot::bootWeb()
 8 SYSTEMPATH\rewrite.php(44): require_once('C:\\laragon\\www\\CodeIgniter4-4.6.1\\public\\index.php')
CRITICAL - 2025-08-15 06:51:30 --> CodeIgniter\HTTP\Exceptions\BadRequestException: The URI you submitted has disallowed characters: "thumbnail-Israel-Klaim-Sudan-Selatan-Siap-Terima-Warga-Palestina-dari-Gaza,-Pemerintah-Bantah-1755231947.jpg"
[Method: GET, Route: uploads/thumbnail/thumbnail-Israel-Klaim-Sudan-Selatan-Siap-Terima-Warga-Palestina-dari-Gaza,-Pemerintah-Bantah-1755231947.jpg]
in SYSTEMPATH\Router\Router.php on line 741.
 1 SYSTEMPATH\Router\Router.php(207): CodeIgniter\Router\Router->checkDisallowedChars()
 2 SYSTEMPATH\CodeIgniter.php(832): CodeIgniter\Router\Router->handle()
 3 SYSTEMPATH\CodeIgniter.php(455): CodeIgniter\CodeIgniter->tryToRouteIt()
 4 SYSTEMPATH\CodeIgniter.php(354): CodeIgniter\CodeIgniter->handleRequest()
 5 SYSTEMPATH\Boot.php(334): CodeIgniter\CodeIgniter->run()
 6 SYSTEMPATH\Boot.php(67): CodeIgniter\Boot::runCodeIgniter()
 7 FCPATH\index.php(59): CodeIgniter\Boot::bootWeb()
 8 SYSTEMPATH\rewrite.php(44): require_once('C:\\laragon\\www\\CodeIgniter4-4.6.1\\public\\index.php')
CRITICAL - 2025-08-15 06:51:31 --> CodeIgniter\HTTP\Exceptions\BadRequestException: The URI you submitted has disallowed characters: "thumbnail-Tala-dan-Mohamed,-Anak-Palestina-yang-Beri-Pesan-Kuat-di-Podium-Piala-Super-Eropa-1755139977.jpg"
[Method: GET, Route: uploads/thumbnail/thumbnail-Tala-dan-Mohamed,-Anak-Palestina-yang-Beri-Pesan-Kuat-di-Podium-Piala-Super-Eropa-1755139977.jpg]
in SYSTEMPATH\Router\Router.php on line 741.
 1 SYSTEMPATH\Router\Router.php(207): CodeIgniter\Router\Router->checkDisallowedChars()
 2 SYSTEMPATH\CodeIgniter.php(832): CodeIgniter\Router\Router->handle()
 3 SYSTEMPATH\CodeIgniter.php(455): CodeIgniter\CodeIgniter->tryToRouteIt()
 4 SYSTEMPATH\CodeIgniter.php(354): CodeIgniter\CodeIgniter->handleRequest()
 5 SYSTEMPATH\Boot.php(334): CodeIgniter\CodeIgniter->run()
 6 SYSTEMPATH\Boot.php(67): CodeIgniter\Boot::runCodeIgniter()
 7 FCPATH\index.php(59): CodeIgniter\Boot::bootWeb()
 8 SYSTEMPATH\rewrite.php(44): require_once('C:\\laragon\\www\\CodeIgniter4-4.6.1\\public\\index.php')
CRITICAL - 2025-08-15 06:51:31 --> CodeIgniter\HTTP\Exceptions\BadRequestException: The URI you submitted has disallowed characters: "thumbnail-Israel-Larang-430-Jenis-Makanan-Masuk-Gaza,-Krisis-Pangan-Semakin-Parah-1755055336.jpg"
[Method: GET, Route: uploads/thumbnail/thumbnail-Israel-Larang-430-Jenis-Makanan-Masuk-Gaza,-Krisis-Pangan-Semakin-Parah-1755055336.jpg]
in SYSTEMPATH\Router\Router.php on line 741.
 1 SYSTEMPATH\Router\Router.php(207): CodeIgniter\Router\Router->checkDisallowedChars()
 2 SYSTEMPATH\CodeIgniter.php(832): CodeIgniter\Router\Router->handle()
 3 SYSTEMPATH\CodeIgniter.php(455): CodeIgniter\CodeIgniter->tryToRouteIt()
 4 SYSTEMPATH\CodeIgniter.php(354): CodeIgniter\CodeIgniter->handleRequest()
 5 SYSTEMPATH\Boot.php(334): CodeIgniter\CodeIgniter->run()
 6 SYSTEMPATH\Boot.php(67): CodeIgniter\Boot::runCodeIgniter()
 7 FCPATH\index.php(59): CodeIgniter\Boot::bootWeb()
 8 SYSTEMPATH\rewrite.php(44): require_once('C:\\laragon\\www\\CodeIgniter4-4.6.1\\public\\index.php')
CRITICAL - 2025-08-15 07:02:42 --> CodeIgniter\HTTP\Exceptions\BadRequestException: The URI you submitted has disallowed characters: "thumbnail-1.063-Tambang-Ilegal-Rugikan-Negara-Rp-300-Triliun,-Prabowo-Peringatkan-Sosok-Pelindung-di-Baliknya-1755241337.jpg"
[Method: GET, Route: uploads/thumbnail/thumbnail-1.063-Tambang-Ilegal-Rugikan-Negara-Rp-300-Triliun,-Prabowo-Peringatkan-Sosok-Pelindung-di-Baliknya-1755241337.jpg]
in SYSTEMPATH\Router\Router.php on line 741.
 1 SYSTEMPATH\Router\Router.php(207): CodeIgniter\Router\Router->checkDisallowedChars()
 2 SYSTEMPATH\CodeIgniter.php(832): CodeIgniter\Router\Router->handle()
 3 SYSTEMPATH\CodeIgniter.php(455): CodeIgniter\CodeIgniter->tryToRouteIt()
 4 SYSTEMPATH\CodeIgniter.php(354): CodeIgniter\CodeIgniter->handleRequest()
 5 SYSTEMPATH\Boot.php(334): CodeIgniter\CodeIgniter->run()
 6 SYSTEMPATH\Boot.php(67): CodeIgniter\Boot::runCodeIgniter()
 7 FCPATH\index.php(59): CodeIgniter\Boot::bootWeb()
 8 SYSTEMPATH\rewrite.php(44): require_once('C:\\laragon\\www\\CodeIgniter4-4.6.1\\public\\index.php')
CRITICAL - 2025-08-15 07:02:42 --> CodeIgniter\HTTP\Exceptions\BadRequestException: The URI you submitted has disallowed characters: "thumbnail-Israel-Klaim-Sudan-Selatan-Siap-Terima-Warga-Palestina-dari-Gaza,-Pemerintah-Bantah-1755231947.jpg"
[Method: GET, Route: uploads/thumbnail/thumbnail-Israel-Klaim-Sudan-Selatan-Siap-Terima-Warga-Palestina-dari-Gaza,-Pemerintah-Bantah-1755231947.jpg]
in SYSTEMPATH\Router\Router.php on line 741.
 1 SYSTEMPATH\Router\Router.php(207): CodeIgniter\Router\Router->checkDisallowedChars()
 2 SYSTEMPATH\CodeIgniter.php(832): CodeIgniter\Router\Router->handle()
 3 SYSTEMPATH\CodeIgniter.php(455): CodeIgniter\CodeIgniter->tryToRouteIt()
 4 SYSTEMPATH\CodeIgniter.php(354): CodeIgniter\CodeIgniter->handleRequest()
 5 SYSTEMPATH\Boot.php(334): CodeIgniter\CodeIgniter->run()
 6 SYSTEMPATH\Boot.php(67): CodeIgniter\Boot::runCodeIgniter()
 7 FCPATH\index.php(59): CodeIgniter\Boot::bootWeb()
 8 SYSTEMPATH\rewrite.php(44): require_once('C:\\laragon\\www\\CodeIgniter4-4.6.1\\public\\index.php')
CRITICAL - 2025-08-15 07:02:43 --> CodeIgniter\HTTP\Exceptions\BadRequestException: The URI you submitted has disallowed characters: "thumbnail-Tala-dan-Mohamed,-Anak-Palestina-yang-Beri-Pesan-Kuat-di-Podium-Piala-Super-Eropa-1755139977.jpg"
[Method: GET, Route: uploads/thumbnail/thumbnail-Tala-dan-Mohamed,-Anak-Palestina-yang-Beri-Pesan-Kuat-di-Podium-Piala-Super-Eropa-1755139977.jpg]
in SYSTEMPATH\Router\Router.php on line 741.
 1 SYSTEMPATH\Router\Router.php(207): CodeIgniter\Router\Router->checkDisallowedChars()
 2 SYSTEMPATH\CodeIgniter.php(832): CodeIgniter\Router\Router->handle()
 3 SYSTEMPATH\CodeIgniter.php(455): CodeIgniter\CodeIgniter->tryToRouteIt()
 4 SYSTEMPATH\CodeIgniter.php(354): CodeIgniter\CodeIgniter->handleRequest()
 5 SYSTEMPATH\Boot.php(334): CodeIgniter\CodeIgniter->run()
 6 SYSTEMPATH\Boot.php(67): CodeIgniter\Boot::runCodeIgniter()
 7 FCPATH\index.php(59): CodeIgniter\Boot::bootWeb()
 8 SYSTEMPATH\rewrite.php(44): require_once('C:\\laragon\\www\\CodeIgniter4-4.6.1\\public\\index.php')
CRITICAL - 2025-08-15 07:02:43 --> CodeIgniter\HTTP\Exceptions\BadRequestException: The URI you submitted has disallowed characters: "thumbnail-Israel-Larang-430-Jenis-Makanan-Masuk-Gaza,-Krisis-Pangan-Semakin-Parah-1755055336.jpg"
[Method: GET, Route: uploads/thumbnail/thumbnail-Israel-Larang-430-Jenis-Makanan-Masuk-Gaza,-Krisis-Pangan-Semakin-Parah-1755055336.jpg]
in SYSTEMPATH\Router\Router.php on line 741.
 1 SYSTEMPATH\Router\Router.php(207): CodeIgniter\Router\Router->checkDisallowedChars()
 2 SYSTEMPATH\CodeIgniter.php(832): CodeIgniter\Router\Router->handle()
 3 SYSTEMPATH\CodeIgniter.php(455): CodeIgniter\CodeIgniter->tryToRouteIt()
 4 SYSTEMPATH\CodeIgniter.php(354): CodeIgniter\CodeIgniter->handleRequest()
 5 SYSTEMPATH\Boot.php(334): CodeIgniter\CodeIgniter->run()
 6 SYSTEMPATH\Boot.php(67): CodeIgniter\Boot::runCodeIgniter()
 7 FCPATH\index.php(59): CodeIgniter\Boot::bootWeb()
 8 SYSTEMPATH\rewrite.php(44): require_once('C:\\laragon\\www\\CodeIgniter4-4.6.1\\public\\index.php')
CRITICAL - 2025-08-15 07:54:40 --> ErrorException: Maximum execution time of 30 seconds exceeded
[Method: GET, Route: id/]
in APPPATH\Controllers\Beranda.php on line 209.
 1 [internal function]: CodeIgniter\Debug\Exceptions->shutdownHandler()
ERROR - 2025-08-15 07:55:07 --> mysqli_sql_exception: MySQL server has gone away in C:\laragon\www\CodeIgniter4-4.6.1\system\Database\MySQLi\Connection.php:327
Stack trace:
#0 C:\laragon\www\CodeIgniter4-4.6.1\system\Database\MySQLi\Connection.php(327): mysqli->query()
#1 C:\laragon\www\CodeIgniter4-4.6.1\system\Database\BaseConnection.php(738): CodeIgniter\Database\MySQLi\Connection->execute()
#2 C:\laragon\www\CodeIgniter4-4.6.1\system\Database\BaseConnection.php(652): CodeIgniter\Database\BaseConnection->simpleQuery()
#3 C:\laragon\www\CodeIgniter4-4.6.1\system\Database\BaseBuilder.php(1649): CodeIgniter\Database\BaseConnection->query()
#4 C:\laragon\www\CodeIgniter4-4.6.1\system\Model.php(286): CodeIgniter\Database\BaseBuilder->get()
#5 C:\laragon\www\CodeIgniter4-4.6.1\system\BaseModel.php(679): CodeIgniter\Model->doFindAll()
#6 C:\laragon\www\CodeIgniter4-4.6.1\app\Controllers\Beranda.php(36): CodeIgniter\BaseModel->findAll()
#7 C:\laragon\www\CodeIgniter4-4.6.1\system\CodeIgniter.php(933): App\Controllers\Beranda->index()
#8 C:\laragon\www\CodeIgniter4-4.6.1\system\CodeIgniter.php(507): CodeIgniter\CodeIgniter->runController()
#9 C:\laragon\www\CodeIgniter4-4.6.1\system\CodeIgniter.php(354): CodeIgniter\CodeIgniter->handleRequest()
#10 C:\laragon\www\CodeIgniter4-4.6.1\system\Boot.php(334): CodeIgniter\CodeIgniter->run()
#11 C:\laragon\www\CodeIgniter4-4.6.1\system\Boot.php(67): CodeIgniter\Boot::runCodeIgniter()
#12 C:\laragon\www\CodeIgniter4-4.6.1\public\index.php(59): CodeIgniter\Boot::bootWeb()
#13 C:\laragon\www\CodeIgniter4-4.6.1\system\rewrite.php(44): require_once('...')
#14 {main}
CRITICAL - 2025-08-15 07:55:07 --> CodeIgniter\Database\Exceptions\DatabaseException: MySQL server has gone away
[Method: GET, Route: id/]
in SYSTEMPATH\Database\BaseConnection.php on line 692.
 1 SYSTEMPATH\Database\BaseBuilder.php(1649): CodeIgniter\Database\BaseConnection->query()
 2 SYSTEMPATH\Model.php(286): CodeIgniter\Database\BaseBuilder->get()
 3 SYSTEMPATH\BaseModel.php(679): CodeIgniter\Model->doFindAll()
 4 APPPATH\Controllers\Beranda.php(36): CodeIgniter\BaseModel->findAll()
 5 SYSTEMPATH\CodeIgniter.php(933): App\Controllers\Beranda->index()
 6 SYSTEMPATH\CodeIgniter.php(507): CodeIgniter\CodeIgniter->runController()
 7 SYSTEMPATH\CodeIgniter.php(354): CodeIgniter\CodeIgniter->handleRequest()
 8 SYSTEMPATH\Boot.php(334): CodeIgniter\CodeIgniter->run()
 9 SYSTEMPATH\Boot.php(67): CodeIgniter\Boot::runCodeIgniter()
10 FCPATH\index.php(59): CodeIgniter\Boot::bootWeb()
11 SYSTEMPATH\rewrite.php(44): require_once('C:\\laragon\\www\\CodeIgniter4-4.6.1\\public\\index.php')
CRITICAL - 2025-08-15 07:55:07 --> [Caused by] CodeIgniter\Database\Exceptions\DatabaseException: MySQL server has gone away
in SYSTEMPATH\Database\MySQLi\Connection.php on line 332.
 1 SYSTEMPATH\Database\BaseConnection.php(738): CodeIgniter\Database\MySQLi\Connection->execute()
 2 SYSTEMPATH\Database\BaseConnection.php(652): CodeIgniter\Database\BaseConnection->simpleQuery()
 3 SYSTEMPATH\Database\BaseBuilder.php(1649): CodeIgniter\Database\BaseConnection->query()
 4 SYSTEMPATH\Model.php(286): CodeIgniter\Database\BaseBuilder->get()
 5 SYSTEMPATH\BaseModel.php(679): CodeIgniter\Model->doFindAll()
 6 APPPATH\Controllers\Beranda.php(36): CodeIgniter\BaseModel->findAll()
 7 SYSTEMPATH\CodeIgniter.php(933): App\Controllers\Beranda->index()
 8 SYSTEMPATH\CodeIgniter.php(507): CodeIgniter\CodeIgniter->runController()
 9 SYSTEMPATH\CodeIgniter.php(354): CodeIgniter\CodeIgniter->handleRequest()
10 SYSTEMPATH\Boot.php(334): CodeIgniter\CodeIgniter->run()
11 SYSTEMPATH\Boot.php(67): CodeIgniter\Boot::runCodeIgniter()
12 FCPATH\index.php(59): CodeIgniter\Boot::bootWeb()
13 SYSTEMPATH\rewrite.php(44): require_once('C:\\laragon\\www\\CodeIgniter4-4.6.1\\public\\index.php')
CRITICAL - 2025-08-15 07:55:07 --> [Caused by] mysqli_sql_exception: MySQL server has gone away
in SYSTEMPATH\Database\MySQLi\Connection.php on line 327.
 1 SYSTEMPATH\Database\MySQLi\Connection.php(327): mysqli->query()
 2 SYSTEMPATH\Database\BaseConnection.php(738): CodeIgniter\Database\MySQLi\Connection->execute()
 3 SYSTEMPATH\Database\BaseConnection.php(652): CodeIgniter\Database\BaseConnection->simpleQuery()
 4 SYSTEMPATH\Database\BaseBuilder.php(1649): CodeIgniter\Database\BaseConnection->query()
 5 SYSTEMPATH\Model.php(286): CodeIgniter\Database\BaseBuilder->get()
 6 SYSTEMPATH\BaseModel.php(679): CodeIgniter\Model->doFindAll()
 7 APPPATH\Controllers\Beranda.php(36): CodeIgniter\BaseModel->findAll()
 8 SYSTEMPATH\CodeIgniter.php(933): App\Controllers\Beranda->index()
 9 SYSTEMPATH\CodeIgniter.php(507): CodeIgniter\CodeIgniter->runController()
10 SYSTEMPATH\CodeIgniter.php(354): CodeIgniter\CodeIgniter->handleRequest()
11 SYSTEMPATH\Boot.php(334): CodeIgniter\CodeIgniter->run()
12 SYSTEMPATH\Boot.php(67): CodeIgniter\Boot::runCodeIgniter()
13 FCPATH\index.php(59): CodeIgniter\Boot::bootWeb()
14 SYSTEMPATH\rewrite.php(44): require_once('C:\\laragon\\www\\CodeIgniter4-4.6.1\\public\\index.php')
CRITICAL - 2025-08-15 07:55:49 --> CodeIgniter\HTTP\Exceptions\BadRequestException: The URI you submitted has disallowed characters: "thumbnail-1.063-Tambang-Ilegal-Rugikan-Negara-Rp-300-Triliun,-Prabowo-Peringatkan-Sosok-Pelindung-di-Baliknya-1755241337.jpg"
[Method: GET, Route: uploads/thumbnail/thumbnail-1.063-Tambang-Ilegal-Rugikan-Negara-Rp-300-Triliun,-Prabowo-Peringatkan-Sosok-Pelindung-di-Baliknya-1755241337.jpg]
in SYSTEMPATH\Router\Router.php on line 741.
 1 SYSTEMPATH\Router\Router.php(207): CodeIgniter\Router\Router->checkDisallowedChars()
 2 SYSTEMPATH\CodeIgniter.php(832): CodeIgniter\Router\Router->handle()
 3 SYSTEMPATH\CodeIgniter.php(455): CodeIgniter\CodeIgniter->tryToRouteIt()
 4 SYSTEMPATH\CodeIgniter.php(354): CodeIgniter\CodeIgniter->handleRequest()
 5 SYSTEMPATH\Boot.php(334): CodeIgniter\CodeIgniter->run()
 6 SYSTEMPATH\Boot.php(67): CodeIgniter\Boot::runCodeIgniter()
 7 FCPATH\index.php(59): CodeIgniter\Boot::bootWeb()
 8 SYSTEMPATH\rewrite.php(44): require_once('C:\\laragon\\www\\CodeIgniter4-4.6.1\\public\\index.php')
CRITICAL - 2025-08-15 07:55:52 --> CodeIgniter\HTTP\Exceptions\BadRequestException: The URI you submitted has disallowed characters: "thumbnail-Israel-Klaim-Sudan-Selatan-Siap-Terima-Warga-Palestina-dari-Gaza,-Pemerintah-Bantah-1755231947.jpg"
[Method: GET, Route: uploads/thumbnail/thumbnail-Israel-Klaim-Sudan-Selatan-Siap-Terima-Warga-Palestina-dari-Gaza,-Pemerintah-Bantah-1755231947.jpg]
in SYSTEMPATH\Router\Router.php on line 741.
 1 SYSTEMPATH\Router\Router.php(207): CodeIgniter\Router\Router->checkDisallowedChars()
 2 SYSTEMPATH\CodeIgniter.php(832): CodeIgniter\Router\Router->handle()
 3 SYSTEMPATH\CodeIgniter.php(455): CodeIgniter\CodeIgniter->tryToRouteIt()
 4 SYSTEMPATH\CodeIgniter.php(354): CodeIgniter\CodeIgniter->handleRequest()
 5 SYSTEMPATH\Boot.php(334): CodeIgniter\CodeIgniter->run()
 6 SYSTEMPATH\Boot.php(67): CodeIgniter\Boot::runCodeIgniter()
 7 FCPATH\index.php(59): CodeIgniter\Boot::bootWeb()
 8 SYSTEMPATH\rewrite.php(44): require_once('C:\\laragon\\www\\CodeIgniter4-4.6.1\\public\\index.php')
CRITICAL - 2025-08-15 07:55:52 --> CodeIgniter\HTTP\Exceptions\BadRequestException: The URI you submitted has disallowed characters: "thumbnail-Tala-dan-Mohamed,-Anak-Palestina-yang-Beri-Pesan-Kuat-di-Podium-Piala-Super-Eropa-1755139977.jpg"
[Method: GET, Route: uploads/thumbnail/thumbnail-Tala-dan-Mohamed,-Anak-Palestina-yang-Beri-Pesan-Kuat-di-Podium-Piala-Super-Eropa-1755139977.jpg]
in SYSTEMPATH\Router\Router.php on line 741.
 1 SYSTEMPATH\Router\Router.php(207): CodeIgniter\Router\Router->checkDisallowedChars()
 2 SYSTEMPATH\CodeIgniter.php(832): CodeIgniter\Router\Router->handle()
 3 SYSTEMPATH\CodeIgniter.php(455): CodeIgniter\CodeIgniter->tryToRouteIt()
 4 SYSTEMPATH\CodeIgniter.php(354): CodeIgniter\CodeIgniter->handleRequest()
 5 SYSTEMPATH\Boot.php(334): CodeIgniter\CodeIgniter->run()
 6 SYSTEMPATH\Boot.php(67): CodeIgniter\Boot::runCodeIgniter()
 7 FCPATH\index.php(59): CodeIgniter\Boot::bootWeb()
 8 SYSTEMPATH\rewrite.php(44): require_once('C:\\laragon\\www\\CodeIgniter4-4.6.1\\public\\index.php')
CRITICAL - 2025-08-15 07:55:53 --> CodeIgniter\HTTP\Exceptions\BadRequestException: The URI you submitted has disallowed characters: "thumbnail-Israel-Larang-430-Jenis-Makanan-Masuk-Gaza,-Krisis-Pangan-Semakin-Parah-1755055336.jpg"
[Method: GET, Route: uploads/thumbnail/thumbnail-Israel-Larang-430-Jenis-Makanan-Masuk-Gaza,-Krisis-Pangan-Semakin-Parah-1755055336.jpg]
in SYSTEMPATH\Router\Router.php on line 741.
 1 SYSTEMPATH\Router\Router.php(207): CodeIgniter\Router\Router->checkDisallowedChars()
 2 SYSTEMPATH\CodeIgniter.php(832): CodeIgniter\Router\Router->handle()
 3 SYSTEMPATH\CodeIgniter.php(455): CodeIgniter\CodeIgniter->tryToRouteIt()
 4 SYSTEMPATH\CodeIgniter.php(354): CodeIgniter\CodeIgniter->handleRequest()
 5 SYSTEMPATH\Boot.php(334): CodeIgniter\CodeIgniter->run()
 6 SYSTEMPATH\Boot.php(67): CodeIgniter\Boot::runCodeIgniter()
 7 FCPATH\index.php(59): CodeIgniter\Boot::bootWeb()
 8 SYSTEMPATH\rewrite.php(44): require_once('C:\\laragon\\www\\CodeIgniter4-4.6.1\\public\\index.php')
CRITICAL - 2025-08-15 08:00:58 --> CodeIgniter\HTTP\Exceptions\BadRequestException: The URI you submitted has disallowed characters: "thumbnail-1.063-Tambang-Ilegal-Rugikan-Negara-Rp-300-Triliun,-Prabowo-Peringatkan-Sosok-Pelindung-di-Baliknya-1755241337.jpg"
[Method: GET, Route: uploads/thumbnail/thumbnail-1.063-Tambang-Ilegal-Rugikan-Negara-Rp-300-Triliun,-Prabowo-Peringatkan-Sosok-Pelindung-di-Baliknya-1755241337.jpg]
in SYSTEMPATH\Router\Router.php on line 741.
 1 SYSTEMPATH\Router\Router.php(207): CodeIgniter\Router\Router->checkDisallowedChars()
 2 SYSTEMPATH\CodeIgniter.php(832): CodeIgniter\Router\Router->handle()
 3 SYSTEMPATH\CodeIgniter.php(455): CodeIgniter\CodeIgniter->tryToRouteIt()
 4 SYSTEMPATH\CodeIgniter.php(354): CodeIgniter\CodeIgniter->handleRequest()
 5 SYSTEMPATH\Boot.php(334): CodeIgniter\CodeIgniter->run()
 6 SYSTEMPATH\Boot.php(67): CodeIgniter\Boot::runCodeIgniter()
 7 FCPATH\index.php(59): CodeIgniter\Boot::bootWeb()
 8 SYSTEMPATH\rewrite.php(44): require_once('C:\\laragon\\www\\CodeIgniter4-4.6.1\\public\\index.php')
CRITICAL - 2025-08-15 08:00:59 --> CodeIgniter\HTTP\Exceptions\BadRequestException: The URI you submitted has disallowed characters: "thumbnail-Susunan-Pemain-Fluminense-untuk-16-Besar-Copa-Sudamericana-2025-Kontra-Amrica-de-Cali-Dikonfirmasi-1755051759.jpg"
[Method: GET, Route: uploads/thumbnail/thumbnail-Susunan-Pemain-Fluminense-untuk-16-Besar-Copa-Sudamericana-2025-Kontra-Am%C3%A9rica-de-Cali-Dikonfirmasi-1755051759.jpg]
in SYSTEMPATH\Router\Router.php on line 741.
 1 SYSTEMPATH\Router\Router.php(207): CodeIgniter\Router\Router->checkDisallowedChars()
 2 SYSTEMPATH\CodeIgniter.php(832): CodeIgniter\Router\Router->handle()
 3 SYSTEMPATH\CodeIgniter.php(455): CodeIgniter\CodeIgniter->tryToRouteIt()
 4 SYSTEMPATH\CodeIgniter.php(354): CodeIgniter\CodeIgniter->handleRequest()
 5 SYSTEMPATH\Boot.php(334): CodeIgniter\CodeIgniter->run()
 6 SYSTEMPATH\Boot.php(67): CodeIgniter\Boot::runCodeIgniter()
 7 FCPATH\index.php(59): CodeIgniter\Boot::bootWeb()
 8 SYSTEMPATH\rewrite.php(44): require_once('C:\\laragon\\www\\CodeIgniter4-4.6.1\\public\\index.php')
CRITICAL - 2025-08-15 08:00:59 --> CodeIgniter\HTTP\Exceptions\BadRequestException: The URI you submitted has disallowed characters: "thumbnail-Hasil-Monza-Vs-Inter:-Imbang-2-2,-Nerazzurri-Menang-Adu-Penalti-di-Laga-Pramusim-1755051955.jpg"
[Method: GET, Route: uploads/thumbnail/thumbnail-Hasil-Monza-Vs-Inter:-Imbang-2-2,-Nerazzurri-Menang-Adu-Penalti-di-Laga-Pramusim-1755051955.jpg]
in SYSTEMPATH\Router\Router.php on line 741.
 1 SYSTEMPATH\Router\Router.php(207): CodeIgniter\Router\Router->checkDisallowedChars()
 2 SYSTEMPATH\CodeIgniter.php(832): CodeIgniter\Router\Router->handle()
 3 SYSTEMPATH\CodeIgniter.php(455): CodeIgniter\CodeIgniter->tryToRouteIt()
 4 SYSTEMPATH\CodeIgniter.php(354): CodeIgniter\CodeIgniter->handleRequest()
 5 SYSTEMPATH\Boot.php(334): CodeIgniter\CodeIgniter->run()
 6 SYSTEMPATH\Boot.php(67): CodeIgniter\Boot::runCodeIgniter()
 7 FCPATH\index.php(59): CodeIgniter\Boot::bootWeb()
 8 SYSTEMPATH\rewrite.php(44): require_once('C:\\laragon\\www\\CodeIgniter4-4.6.1\\public\\index.php')
CRITICAL - 2025-08-15 08:01:00 --> CodeIgniter\HTTP\Exceptions\BadRequestException: The URI you submitted has disallowed characters: "thumbnail-Israel-Larang-430-Jenis-Makanan-Masuk-Gaza,-Krisis-Pangan-Semakin-Parah-1755055336.jpg"
[Method: GET, Route: uploads/thumbnail/thumbnail-Israel-Larang-430-Jenis-Makanan-Masuk-Gaza,-Krisis-Pangan-Semakin-Parah-1755055336.jpg]
in SYSTEMPATH\Router\Router.php on line 741.
 1 SYSTEMPATH\Router\Router.php(207): CodeIgniter\Router\Router->checkDisallowedChars()
 2 SYSTEMPATH\CodeIgniter.php(832): CodeIgniter\Router\Router->handle()
 3 SYSTEMPATH\CodeIgniter.php(455): CodeIgniter\CodeIgniter->tryToRouteIt()
 4 SYSTEMPATH\CodeIgniter.php(354): CodeIgniter\CodeIgniter->handleRequest()
 5 SYSTEMPATH\Boot.php(334): CodeIgniter\CodeIgniter->run()
 6 SYSTEMPATH\Boot.php(67): CodeIgniter\Boot::runCodeIgniter()
 7 FCPATH\index.php(59): CodeIgniter\Boot::bootWeb()
 8 SYSTEMPATH\rewrite.php(44): require_once('C:\\laragon\\www\\CodeIgniter4-4.6.1\\public\\index.php')
CRITICAL - 2025-08-15 08:01:00 --> CodeIgniter\HTTP\Exceptions\BadRequestException: The URI you submitted has disallowed characters: "thumbnail-Israel-Klaim-Sudan-Selatan-Siap-Terima-Warga-Palestina-dari-Gaza,-Pemerintah-Bantah-1755231947.jpg"
[Method: GET, Route: uploads/thumbnail/thumbnail-Israel-Klaim-Sudan-Selatan-Siap-Terima-Warga-Palestina-dari-Gaza,-Pemerintah-Bantah-1755231947.jpg]
in SYSTEMPATH\Router\Router.php on line 741.
 1 SYSTEMPATH\Router\Router.php(207): CodeIgniter\Router\Router->checkDisallowedChars()
 2 SYSTEMPATH\CodeIgniter.php(832): CodeIgniter\Router\Router->handle()
 3 SYSTEMPATH\CodeIgniter.php(455): CodeIgniter\CodeIgniter->tryToRouteIt()
 4 SYSTEMPATH\CodeIgniter.php(354): CodeIgniter\CodeIgniter->handleRequest()
 5 SYSTEMPATH\Boot.php(334): CodeIgniter\CodeIgniter->run()
 6 SYSTEMPATH\Boot.php(67): CodeIgniter\Boot::runCodeIgniter()
 7 FCPATH\index.php(59): CodeIgniter\Boot::bootWeb()
 8 SYSTEMPATH\rewrite.php(44): require_once('C:\\laragon\\www\\CodeIgniter4-4.6.1\\public\\index.php')
CRITICAL - 2025-08-15 08:01:00 --> CodeIgniter\HTTP\Exceptions\BadRequestException: The URI you submitted has disallowed characters: "thumbnail-Tala-dan-Mohamed,-Anak-Palestina-yang-Beri-Pesan-Kuat-di-Podium-Piala-Super-Eropa-1755139977.jpg"
[Method: GET, Route: uploads/thumbnail/thumbnail-Tala-dan-Mohamed,-Anak-Palestina-yang-Beri-Pesan-Kuat-di-Podium-Piala-Super-Eropa-1755139977.jpg]
in SYSTEMPATH\Router\Router.php on line 741.
 1 SYSTEMPATH\Router\Router.php(207): CodeIgniter\Router\Router->checkDisallowedChars()
 2 SYSTEMPATH\CodeIgniter.php(832): CodeIgniter\Router\Router->handle()
 3 SYSTEMPATH\CodeIgniter.php(455): CodeIgniter\CodeIgniter->tryToRouteIt()
 4 SYSTEMPATH\CodeIgniter.php(354): CodeIgniter\CodeIgniter->handleRequest()
 5 SYSTEMPATH\Boot.php(334): CodeIgniter\CodeIgniter->run()
 6 SYSTEMPATH\Boot.php(67): CodeIgniter\Boot::runCodeIgniter()
 7 FCPATH\index.php(59): CodeIgniter\Boot::bootWeb()
 8 SYSTEMPATH\rewrite.php(44): require_once('C:\\laragon\\www\\CodeIgniter4-4.6.1\\public\\index.php')
CRITICAL - 2025-08-15 08:02:17 --> CodeIgniter\HTTP\Exceptions\BadRequestException: The URI you submitted has disallowed characters: "thumbnail-1.063-Tambang-Ilegal-Rugikan-Negara-Rp-300-Triliun,-Prabowo-Peringatkan-Sosok-Pelindung-di-Baliknya-1755241337.jpg"
[Method: GET, Route: uploads/thumbnail/thumbnail-1.063-Tambang-Ilegal-Rugikan-Negara-Rp-300-Triliun,-Prabowo-Peringatkan-Sosok-Pelindung-di-Baliknya-1755241337.jpg]
in SYSTEMPATH\Router\Router.php on line 741.
 1 SYSTEMPATH\Router\Router.php(207): CodeIgniter\Router\Router->checkDisallowedChars()
 2 SYSTEMPATH\CodeIgniter.php(832): CodeIgniter\Router\Router->handle()
 3 SYSTEMPATH\CodeIgniter.php(455): CodeIgniter\CodeIgniter->tryToRouteIt()
 4 SYSTEMPATH\CodeIgniter.php(354): CodeIgniter\CodeIgniter->handleRequest()
 5 SYSTEMPATH\Boot.php(334): CodeIgniter\CodeIgniter->run()
 6 SYSTEMPATH\Boot.php(67): CodeIgniter\Boot::runCodeIgniter()
 7 FCPATH\index.php(59): CodeIgniter\Boot::bootWeb()
 8 SYSTEMPATH\rewrite.php(44): require_once('C:\\laragon\\www\\CodeIgniter4-4.6.1\\public\\index.php')
CRITICAL - 2025-08-15 08:02:18 --> CodeIgniter\HTTP\Exceptions\BadRequestException: The URI you submitted has disallowed characters: "thumbnail-Israel-Klaim-Sudan-Selatan-Siap-Terima-Warga-Palestina-dari-Gaza,-Pemerintah-Bantah-1755231947.jpg"
[Method: GET, Route: uploads/thumbnail/thumbnail-Israel-Klaim-Sudan-Selatan-Siap-Terima-Warga-Palestina-dari-Gaza,-Pemerintah-Bantah-1755231947.jpg]
in SYSTEMPATH\Router\Router.php on line 741.
 1 SYSTEMPATH\Router\Router.php(207): CodeIgniter\Router\Router->checkDisallowedChars()
 2 SYSTEMPATH\CodeIgniter.php(832): CodeIgniter\Router\Router->handle()
 3 SYSTEMPATH\CodeIgniter.php(455): CodeIgniter\CodeIgniter->tryToRouteIt()
 4 SYSTEMPATH\CodeIgniter.php(354): CodeIgniter\CodeIgniter->handleRequest()
 5 SYSTEMPATH\Boot.php(334): CodeIgniter\CodeIgniter->run()
 6 SYSTEMPATH\Boot.php(67): CodeIgniter\Boot::runCodeIgniter()
 7 FCPATH\index.php(59): CodeIgniter\Boot::bootWeb()
 8 SYSTEMPATH\rewrite.php(44): require_once('C:\\laragon\\www\\CodeIgniter4-4.6.1\\public\\index.php')
CRITICAL - 2025-08-15 08:03:02 --> CodeIgniter\HTTP\Exceptions\BadRequestException: The URI you submitted has disallowed characters: "thumbnail-1.063-Tambang-Ilegal-Rugikan-Negara-Rp-300-Triliun,-Prabowo-Peringatkan-Sosok-Pelindung-di-Baliknya-1755241337.jpg"
[Method: GET, Route: uploads/thumbnail/thumbnail-1.063-Tambang-Ilegal-Rugikan-Negara-Rp-300-Triliun,-Prabowo-Peringatkan-Sosok-Pelindung-di-Baliknya-1755241337.jpg]
in SYSTEMPATH\Router\Router.php on line 741.
 1 SYSTEMPATH\Router\Router.php(207): CodeIgniter\Router\Router->checkDisallowedChars()
 2 SYSTEMPATH\CodeIgniter.php(832): CodeIgniter\Router\Router->handle()
 3 SYSTEMPATH\CodeIgniter.php(455): CodeIgniter\CodeIgniter->tryToRouteIt()
 4 SYSTEMPATH\CodeIgniter.php(354): CodeIgniter\CodeIgniter->handleRequest()
 5 SYSTEMPATH\Boot.php(334): CodeIgniter\CodeIgniter->run()
 6 SYSTEMPATH\Boot.php(67): CodeIgniter\Boot::runCodeIgniter()
 7 FCPATH\index.php(59): CodeIgniter\Boot::bootWeb()
 8 SYSTEMPATH\rewrite.php(44): require_once('C:\\laragon\\www\\CodeIgniter4-4.6.1\\public\\index.php')
CRITICAL - 2025-08-15 08:03:03 --> CodeIgniter\HTTP\Exceptions\BadRequestException: The URI you submitted has disallowed characters: "thumbnail-Hasil-Monza-Vs-Inter:-Imbang-2-2,-Nerazzurri-Menang-Adu-Penalti-di-Laga-Pramusim-1755051955.jpg"
[Method: GET, Route: uploads/thumbnail/thumbnail-Hasil-Monza-Vs-Inter:-Imbang-2-2,-Nerazzurri-Menang-Adu-Penalti-di-Laga-Pramusim-1755051955.jpg]
in SYSTEMPATH\Router\Router.php on line 741.
 1 SYSTEMPATH\Router\Router.php(207): CodeIgniter\Router\Router->checkDisallowedChars()
 2 SYSTEMPATH\CodeIgniter.php(832): CodeIgniter\Router\Router->handle()
 3 SYSTEMPATH\CodeIgniter.php(455): CodeIgniter\CodeIgniter->tryToRouteIt()
 4 SYSTEMPATH\CodeIgniter.php(354): CodeIgniter\CodeIgniter->handleRequest()
 5 SYSTEMPATH\Boot.php(334): CodeIgniter\CodeIgniter->run()
 6 SYSTEMPATH\Boot.php(67): CodeIgniter\Boot::runCodeIgniter()
 7 FCPATH\index.php(59): CodeIgniter\Boot::bootWeb()
 8 SYSTEMPATH\rewrite.php(44): require_once('C:\\laragon\\www\\CodeIgniter4-4.6.1\\public\\index.php')
CRITICAL - 2025-08-15 08:03:04 --> CodeIgniter\HTTP\Exceptions\BadRequestException: The URI you submitted has disallowed characters: "thumbnail-Susunan-Pemain-Fluminense-untuk-16-Besar-Copa-Sudamericana-2025-Kontra-Amrica-de-Cali-Dikonfirmasi-1755051759.jpg"
[Method: GET, Route: uploads/thumbnail/thumbnail-Susunan-Pemain-Fluminense-untuk-16-Besar-Copa-Sudamericana-2025-Kontra-Am%C3%A9rica-de-Cali-Dikonfirmasi-1755051759.jpg]
in SYSTEMPATH\Router\Router.php on line 741.
 1 SYSTEMPATH\Router\Router.php(207): CodeIgniter\Router\Router->checkDisallowedChars()
 2 SYSTEMPATH\CodeIgniter.php(832): CodeIgniter\Router\Router->handle()
 3 SYSTEMPATH\CodeIgniter.php(455): CodeIgniter\CodeIgniter->tryToRouteIt()
 4 SYSTEMPATH\CodeIgniter.php(354): CodeIgniter\CodeIgniter->handleRequest()
 5 SYSTEMPATH\Boot.php(334): CodeIgniter\CodeIgniter->run()
 6 SYSTEMPATH\Boot.php(67): CodeIgniter\Boot::runCodeIgniter()
 7 FCPATH\index.php(59): CodeIgniter\Boot::bootWeb()
 8 SYSTEMPATH\rewrite.php(44): require_once('C:\\laragon\\www\\CodeIgniter4-4.6.1\\public\\index.php')
CRITICAL - 2025-08-15 08:03:04 --> CodeIgniter\HTTP\Exceptions\BadRequestException: The URI you submitted has disallowed characters: "thumbnail-Israel-Larang-430-Jenis-Makanan-Masuk-Gaza,-Krisis-Pangan-Semakin-Parah-1755055336.jpg"
[Method: GET, Route: uploads/thumbnail/thumbnail-Israel-Larang-430-Jenis-Makanan-Masuk-Gaza,-Krisis-Pangan-Semakin-Parah-1755055336.jpg]
in SYSTEMPATH\Router\Router.php on line 741.
 1 SYSTEMPATH\Router\Router.php(207): CodeIgniter\Router\Router->checkDisallowedChars()
 2 SYSTEMPATH\CodeIgniter.php(832): CodeIgniter\Router\Router->handle()
 3 SYSTEMPATH\CodeIgniter.php(455): CodeIgniter\CodeIgniter->tryToRouteIt()
 4 SYSTEMPATH\CodeIgniter.php(354): CodeIgniter\CodeIgniter->handleRequest()
 5 SYSTEMPATH\Boot.php(334): CodeIgniter\CodeIgniter->run()
 6 SYSTEMPATH\Boot.php(67): CodeIgniter\Boot::runCodeIgniter()
 7 FCPATH\index.php(59): CodeIgniter\Boot::bootWeb()
 8 SYSTEMPATH\rewrite.php(44): require_once('C:\\laragon\\www\\CodeIgniter4-4.6.1\\public\\index.php')
CRITICAL - 2025-08-15 08:03:04 --> CodeIgniter\HTTP\Exceptions\BadRequestException: The URI you submitted has disallowed characters: "thumbnail-Israel-Klaim-Sudan-Selatan-Siap-Terima-Warga-Palestina-dari-Gaza,-Pemerintah-Bantah-1755231947.jpg"
[Method: GET, Route: uploads/thumbnail/thumbnail-Israel-Klaim-Sudan-Selatan-Siap-Terima-Warga-Palestina-dari-Gaza,-Pemerintah-Bantah-1755231947.jpg]
in SYSTEMPATH\Router\Router.php on line 741.
 1 SYSTEMPATH\Router\Router.php(207): CodeIgniter\Router\Router->checkDisallowedChars()
 2 SYSTEMPATH\CodeIgniter.php(832): CodeIgniter\Router\Router->handle()
 3 SYSTEMPATH\CodeIgniter.php(455): CodeIgniter\CodeIgniter->tryToRouteIt()
 4 SYSTEMPATH\CodeIgniter.php(354): CodeIgniter\CodeIgniter->handleRequest()
 5 SYSTEMPATH\Boot.php(334): CodeIgniter\CodeIgniter->run()
 6 SYSTEMPATH\Boot.php(67): CodeIgniter\Boot::runCodeIgniter()
 7 FCPATH\index.php(59): CodeIgniter\Boot::bootWeb()
 8 SYSTEMPATH\rewrite.php(44): require_once('C:\\laragon\\www\\CodeIgniter4-4.6.1\\public\\index.php')
CRITICAL - 2025-08-15 08:03:04 --> CodeIgniter\HTTP\Exceptions\BadRequestException: The URI you submitted has disallowed characters: "thumbnail-Tala-dan-Mohamed,-Anak-Palestina-yang-Beri-Pesan-Kuat-di-Podium-Piala-Super-Eropa-1755139977.jpg"
[Method: GET, Route: uploads/thumbnail/thumbnail-Tala-dan-Mohamed,-Anak-Palestina-yang-Beri-Pesan-Kuat-di-Podium-Piala-Super-Eropa-1755139977.jpg]
in SYSTEMPATH\Router\Router.php on line 741.
 1 SYSTEMPATH\Router\Router.php(207): CodeIgniter\Router\Router->checkDisallowedChars()
 2 SYSTEMPATH\CodeIgniter.php(832): CodeIgniter\Router\Router->handle()
 3 SYSTEMPATH\CodeIgniter.php(455): CodeIgniter\CodeIgniter->tryToRouteIt()
 4 SYSTEMPATH\CodeIgniter.php(354): CodeIgniter\CodeIgniter->handleRequest()
 5 SYSTEMPATH\Boot.php(334): CodeIgniter\CodeIgniter->run()
 6 SYSTEMPATH\Boot.php(67): CodeIgniter\Boot::runCodeIgniter()
 7 FCPATH\index.php(59): CodeIgniter\Boot::bootWeb()
 8 SYSTEMPATH\rewrite.php(44): require_once('C:\\laragon\\www\\CodeIgniter4-4.6.1\\public\\index.php')
CRITICAL - 2025-08-15 08:08:58 --> CodeIgniter\HTTP\Exceptions\BadRequestException: The URI you submitted has disallowed characters: "thumbnail-1.063-Tambang-Ilegal-Rugikan-Negara-Rp-300-Triliun,-Prabowo-Peringatkan-Sosok-Pelindung-di-Baliknya-1755241337.jpg"
[Method: GET, Route: uploads/thumbnail/thumbnail-1.063-Tambang-Ilegal-Rugikan-Negara-Rp-300-Triliun,-Prabowo-Peringatkan-Sosok-Pelindung-di-Baliknya-1755241337.jpg]
in SYSTEMPATH\Router\Router.php on line 741.
 1 SYSTEMPATH\Router\Router.php(207): CodeIgniter\Router\Router->checkDisallowedChars()
 2 SYSTEMPATH\CodeIgniter.php(832): CodeIgniter\Router\Router->handle()
 3 SYSTEMPATH\CodeIgniter.php(455): CodeIgniter\CodeIgniter->tryToRouteIt()
 4 SYSTEMPATH\CodeIgniter.php(354): CodeIgniter\CodeIgniter->handleRequest()
 5 SYSTEMPATH\Boot.php(334): CodeIgniter\CodeIgniter->run()
 6 SYSTEMPATH\Boot.php(67): CodeIgniter\Boot::runCodeIgniter()
 7 FCPATH\index.php(59): CodeIgniter\Boot::bootWeb()
 8 SYSTEMPATH\rewrite.php(44): require_once('C:\\laragon\\www\\CodeIgniter4-4.6.1\\public\\index.php')
CRITICAL - 2025-08-15 08:08:59 --> CodeIgniter\HTTP\Exceptions\BadRequestException: The URI you submitted has disallowed characters: "thumbnail-Israel-Klaim-Sudan-Selatan-Siap-Terima-Warga-Palestina-dari-Gaza,-Pemerintah-Bantah-1755231947.jpg"
[Method: GET, Route: uploads/thumbnail/thumbnail-Israel-Klaim-Sudan-Selatan-Siap-Terima-Warga-Palestina-dari-Gaza,-Pemerintah-Bantah-1755231947.jpg]
in SYSTEMPATH\Router\Router.php on line 741.
 1 SYSTEMPATH\Router\Router.php(207): CodeIgniter\Router\Router->checkDisallowedChars()
 2 SYSTEMPATH\CodeIgniter.php(832): CodeIgniter\Router\Router->handle()
 3 SYSTEMPATH\CodeIgniter.php(455): CodeIgniter\CodeIgniter->tryToRouteIt()
 4 SYSTEMPATH\CodeIgniter.php(354): CodeIgniter\CodeIgniter->handleRequest()
 5 SYSTEMPATH\Boot.php(334): CodeIgniter\CodeIgniter->run()
 6 SYSTEMPATH\Boot.php(67): CodeIgniter\Boot::runCodeIgniter()
 7 FCPATH\index.php(59): CodeIgniter\Boot::bootWeb()
 8 SYSTEMPATH\rewrite.php(44): require_once('C:\\laragon\\www\\CodeIgniter4-4.6.1\\public\\index.php')
CRITICAL - 2025-08-15 08:09:27 --> CodeIgniter\HTTP\Exceptions\BadRequestException: The URI you submitted has disallowed characters: "thumbnail-1.063-Tambang-Ilegal-Rugikan-Negara-Rp-300-Triliun,-Prabowo-Peringatkan-Sosok-Pelindung-di-Baliknya-1755241337.jpg"
[Method: GET, Route: uploads/thumbnail/thumbnail-1.063-Tambang-Ilegal-Rugikan-Negara-Rp-300-Triliun,-Prabowo-Peringatkan-Sosok-Pelindung-di-Baliknya-1755241337.jpg]
in SYSTEMPATH\Router\Router.php on line 741.
 1 SYSTEMPATH\Router\Router.php(207): CodeIgniter\Router\Router->checkDisallowedChars()
 2 SYSTEMPATH\CodeIgniter.php(832): CodeIgniter\Router\Router->handle()
 3 SYSTEMPATH\CodeIgniter.php(455): CodeIgniter\CodeIgniter->tryToRouteIt()
 4 SYSTEMPATH\CodeIgniter.php(354): CodeIgniter\CodeIgniter->handleRequest()
 5 SYSTEMPATH\Boot.php(334): CodeIgniter\CodeIgniter->run()
 6 SYSTEMPATH\Boot.php(67): CodeIgniter\Boot::runCodeIgniter()
 7 FCPATH\index.php(59): CodeIgniter\Boot::bootWeb()
 8 SYSTEMPATH\rewrite.php(44): require_once('C:\\laragon\\www\\CodeIgniter4-4.6.1\\public\\index.php')
CRITICAL - 2025-08-15 08:09:28 --> CodeIgniter\HTTP\Exceptions\BadRequestException: The URI you submitted has disallowed characters: "thumbnail-Hasil-Monza-Vs-Inter:-Imbang-2-2,-Nerazzurri-Menang-Adu-Penalti-di-Laga-Pramusim-1755051955.jpg"
[Method: GET, Route: uploads/thumbnail/thumbnail-Hasil-Monza-Vs-Inter:-Imbang-2-2,-Nerazzurri-Menang-Adu-Penalti-di-Laga-Pramusim-1755051955.jpg]
in SYSTEMPATH\Router\Router.php on line 741.
 1 SYSTEMPATH\Router\Router.php(207): CodeIgniter\Router\Router->checkDisallowedChars()
 2 SYSTEMPATH\CodeIgniter.php(832): CodeIgniter\Router\Router->handle()
 3 SYSTEMPATH\CodeIgniter.php(455): CodeIgniter\CodeIgniter->tryToRouteIt()
 4 SYSTEMPATH\CodeIgniter.php(354): CodeIgniter\CodeIgniter->handleRequest()
 5 SYSTEMPATH\Boot.php(334): CodeIgniter\CodeIgniter->run()
 6 SYSTEMPATH\Boot.php(67): CodeIgniter\Boot::runCodeIgniter()
 7 FCPATH\index.php(59): CodeIgniter\Boot::bootWeb()
 8 SYSTEMPATH\rewrite.php(44): require_once('C:\\laragon\\www\\CodeIgniter4-4.6.1\\public\\index.php')
CRITICAL - 2025-08-15 08:09:28 --> CodeIgniter\HTTP\Exceptions\BadRequestException: The URI you submitted has disallowed characters: "thumbnail-Susunan-Pemain-Fluminense-untuk-16-Besar-Copa-Sudamericana-2025-Kontra-Amrica-de-Cali-Dikonfirmasi-1755051759.jpg"
[Method: GET, Route: uploads/thumbnail/thumbnail-Susunan-Pemain-Fluminense-untuk-16-Besar-Copa-Sudamericana-2025-Kontra-Am%C3%A9rica-de-Cali-Dikonfirmasi-1755051759.jpg]
in SYSTEMPATH\Router\Router.php on line 741.
 1 SYSTEMPATH\Router\Router.php(207): CodeIgniter\Router\Router->checkDisallowedChars()
 2 SYSTEMPATH\CodeIgniter.php(832): CodeIgniter\Router\Router->handle()
 3 SYSTEMPATH\CodeIgniter.php(455): CodeIgniter\CodeIgniter->tryToRouteIt()
 4 SYSTEMPATH\CodeIgniter.php(354): CodeIgniter\CodeIgniter->handleRequest()
 5 SYSTEMPATH\Boot.php(334): CodeIgniter\CodeIgniter->run()
 6 SYSTEMPATH\Boot.php(67): CodeIgniter\Boot::runCodeIgniter()
 7 FCPATH\index.php(59): CodeIgniter\Boot::bootWeb()
 8 SYSTEMPATH\rewrite.php(44): require_once('C:\\laragon\\www\\CodeIgniter4-4.6.1\\public\\index.php')
CRITICAL - 2025-08-15 08:09:29 --> CodeIgniter\HTTP\Exceptions\BadRequestException: The URI you submitted has disallowed characters: "thumbnail-Israel-Klaim-Sudan-Selatan-Siap-Terima-Warga-Palestina-dari-Gaza,-Pemerintah-Bantah-1755231947.jpg"
[Method: GET, Route: uploads/thumbnail/thumbnail-Israel-Klaim-Sudan-Selatan-Siap-Terima-Warga-Palestina-dari-Gaza,-Pemerintah-Bantah-1755231947.jpg]
in SYSTEMPATH\Router\Router.php on line 741.
 1 SYSTEMPATH\Router\Router.php(207): CodeIgniter\Router\Router->checkDisallowedChars()
 2 SYSTEMPATH\CodeIgniter.php(832): CodeIgniter\Router\Router->handle()
 3 SYSTEMPATH\CodeIgniter.php(455): CodeIgniter\CodeIgniter->tryToRouteIt()
 4 SYSTEMPATH\CodeIgniter.php(354): CodeIgniter\CodeIgniter->handleRequest()
 5 SYSTEMPATH\Boot.php(334): CodeIgniter\CodeIgniter->run()
 6 SYSTEMPATH\Boot.php(67): CodeIgniter\Boot::runCodeIgniter()
 7 FCPATH\index.php(59): CodeIgniter\Boot::bootWeb()
 8 SYSTEMPATH\rewrite.php(44): require_once('C:\\laragon\\www\\CodeIgniter4-4.6.1\\public\\index.php')
CRITICAL - 2025-08-15 08:09:29 --> CodeIgniter\HTTP\Exceptions\BadRequestException: The URI you submitted has disallowed characters: "thumbnail-Tala-dan-Mohamed,-Anak-Palestina-yang-Beri-Pesan-Kuat-di-Podium-Piala-Super-Eropa-1755139977.jpg"
[Method: GET, Route: uploads/thumbnail/thumbnail-Tala-dan-Mohamed,-Anak-Palestina-yang-Beri-Pesan-Kuat-di-Podium-Piala-Super-Eropa-1755139977.jpg]
in SYSTEMPATH\Router\Router.php on line 741.
 1 SYSTEMPATH\Router\Router.php(207): CodeIgniter\Router\Router->checkDisallowedChars()
 2 SYSTEMPATH\CodeIgniter.php(832): CodeIgniter\Router\Router->handle()
 3 SYSTEMPATH\CodeIgniter.php(455): CodeIgniter\CodeIgniter->tryToRouteIt()
 4 SYSTEMPATH\CodeIgniter.php(354): CodeIgniter\CodeIgniter->handleRequest()
 5 SYSTEMPATH\Boot.php(334): CodeIgniter\CodeIgniter->run()
 6 SYSTEMPATH\Boot.php(67): CodeIgniter\Boot::runCodeIgniter()
 7 FCPATH\index.php(59): CodeIgniter\Boot::bootWeb()
 8 SYSTEMPATH\rewrite.php(44): require_once('C:\\laragon\\www\\CodeIgniter4-4.6.1\\public\\index.php')
CRITICAL - 2025-08-15 08:09:29 --> CodeIgniter\HTTP\Exceptions\BadRequestException: The URI you submitted has disallowed characters: "thumbnail-Israel-Larang-430-Jenis-Makanan-Masuk-Gaza,-Krisis-Pangan-Semakin-Parah-1755055336.jpg"
[Method: GET, Route: uploads/thumbnail/thumbnail-Israel-Larang-430-Jenis-Makanan-Masuk-Gaza,-Krisis-Pangan-Semakin-Parah-1755055336.jpg]
in SYSTEMPATH\Router\Router.php on line 741.
 1 SYSTEMPATH\Router\Router.php(207): CodeIgniter\Router\Router->checkDisallowedChars()
 2 SYSTEMPATH\CodeIgniter.php(832): CodeIgniter\Router\Router->handle()
 3 SYSTEMPATH\CodeIgniter.php(455): CodeIgniter\CodeIgniter->tryToRouteIt()
 4 SYSTEMPATH\CodeIgniter.php(354): CodeIgniter\CodeIgniter->handleRequest()
 5 SYSTEMPATH\Boot.php(334): CodeIgniter\CodeIgniter->run()
 6 SYSTEMPATH\Boot.php(67): CodeIgniter\Boot::runCodeIgniter()
 7 FCPATH\index.php(59): CodeIgniter\Boot::bootWeb()
 8 SYSTEMPATH\rewrite.php(44): require_once('C:\\laragon\\www\\CodeIgniter4-4.6.1\\public\\index.php')
CRITICAL - 2025-08-15 08:21:16 --> CodeIgniter\HTTP\Exceptions\BadRequestException: The URI you submitted has disallowed characters: "featured-Tala-dan-Mohamed,-Anak-Palestina-yang-Beri-Pesan-Kuat-di-Podium-Piala-Super-Eropa-1755139977.jpg"
[Method: GET, Route: uploads/gambar_besar/featured-Tala-dan-Mohamed,-Anak-Palestina-yang-Beri-Pesan-Kuat-di-Podium-Piala-Super-Eropa-1755139977.jpg]
in SYSTEMPATH\Router\Router.php on line 741.
 1 SYSTEMPATH\Router\Router.php(207): CodeIgniter\Router\Router->checkDisallowedChars()
 2 SYSTEMPATH\CodeIgniter.php(832): CodeIgniter\Router\Router->handle()
 3 SYSTEMPATH\CodeIgniter.php(455): CodeIgniter\CodeIgniter->tryToRouteIt()
 4 SYSTEMPATH\CodeIgniter.php(354): CodeIgniter\CodeIgniter->handleRequest()
 5 SYSTEMPATH\Boot.php(334): CodeIgniter\CodeIgniter->run()
 6 SYSTEMPATH\Boot.php(67): CodeIgniter\Boot::runCodeIgniter()
 7 FCPATH\index.php(59): CodeIgniter\Boot::bootWeb()
 8 SYSTEMPATH\rewrite.php(44): require_once('C:\\laragon\\www\\CodeIgniter4-4.6.1\\public\\index.php')
CRITICAL - 2025-08-15 08:21:16 --> CodeIgniter\HTTP\Exceptions\BadRequestException: The URI you submitted has disallowed characters: "thumbnail-Israel-Klaim-Sudan-Selatan-Siap-Terima-Warga-Palestina-dari-Gaza,-Pemerintah-Bantah-1755231947.jpg"
[Method: GET, Route: uploads/thumbnail/thumbnail-Israel-Klaim-Sudan-Selatan-Siap-Terima-Warga-Palestina-dari-Gaza,-Pemerintah-Bantah-1755231947.jpg]
in SYSTEMPATH\Router\Router.php on line 741.
 1 SYSTEMPATH\Router\Router.php(207): CodeIgniter\Router\Router->checkDisallowedChars()
 2 SYSTEMPATH\CodeIgniter.php(832): CodeIgniter\Router\Router->handle()
 3 SYSTEMPATH\CodeIgniter.php(455): CodeIgniter\CodeIgniter->tryToRouteIt()
 4 SYSTEMPATH\CodeIgniter.php(354): CodeIgniter\CodeIgniter->handleRequest()
 5 SYSTEMPATH\Boot.php(334): CodeIgniter\CodeIgniter->run()
 6 SYSTEMPATH\Boot.php(67): CodeIgniter\Boot::runCodeIgniter()
 7 FCPATH\index.php(59): CodeIgniter\Boot::bootWeb()
 8 SYSTEMPATH\rewrite.php(44): require_once('C:\\laragon\\www\\CodeIgniter4-4.6.1\\public\\index.php')
CRITICAL - 2025-08-15 08:21:16 --> CodeIgniter\HTTP\Exceptions\BadRequestException: The URI you submitted has disallowed characters: "thumbnail-Israel-Larang-430-Jenis-Makanan-Masuk-Gaza,-Krisis-Pangan-Semakin-Parah-1755055336.jpg"
[Method: GET, Route: uploads/thumbnail/thumbnail-Israel-Larang-430-Jenis-Makanan-Masuk-Gaza,-Krisis-Pangan-Semakin-Parah-1755055336.jpg]
in SYSTEMPATH\Router\Router.php on line 741.
 1 SYSTEMPATH\Router\Router.php(207): CodeIgniter\Router\Router->checkDisallowedChars()
 2 SYSTEMPATH\CodeIgniter.php(832): CodeIgniter\Router\Router->handle()
 3 SYSTEMPATH\CodeIgniter.php(455): CodeIgniter\CodeIgniter->tryToRouteIt()
 4 SYSTEMPATH\CodeIgniter.php(354): CodeIgniter\CodeIgniter->handleRequest()
 5 SYSTEMPATH\Boot.php(334): CodeIgniter\CodeIgniter->run()
 6 SYSTEMPATH\Boot.php(67): CodeIgniter\Boot::runCodeIgniter()
 7 FCPATH\index.php(59): CodeIgniter\Boot::bootWeb()
 8 SYSTEMPATH\rewrite.php(44): require_once('C:\\laragon\\www\\CodeIgniter4-4.6.1\\public\\index.php')
CRITICAL - 2025-08-15 08:21:16 --> CodeIgniter\HTTP\Exceptions\BadRequestException: The URI you submitted has disallowed characters: "thumbnail-1.063-Tambang-Ilegal-Rugikan-Negara-Rp-300-Triliun,-Prabowo-Peringatkan-Sosok-Pelindung-di-Baliknya-1755241337.jpg"
[Method: GET, Route: uploads/thumbnail/thumbnail-1.063-Tambang-Ilegal-Rugikan-Negara-Rp-300-Triliun,-Prabowo-Peringatkan-Sosok-Pelindung-di-Baliknya-1755241337.jpg]
in SYSTEMPATH\Router\Router.php on line 741.
 1 SYSTEMPATH\Router\Router.php(207): CodeIgniter\Router\Router->checkDisallowedChars()
 2 SYSTEMPATH\CodeIgniter.php(832): CodeIgniter\Router\Router->handle()
 3 SYSTEMPATH\CodeIgniter.php(455): CodeIgniter\CodeIgniter->tryToRouteIt()
 4 SYSTEMPATH\CodeIgniter.php(354): CodeIgniter\CodeIgniter->handleRequest()
 5 SYSTEMPATH\Boot.php(334): CodeIgniter\CodeIgniter->run()
 6 SYSTEMPATH\Boot.php(67): CodeIgniter\Boot::runCodeIgniter()
 7 FCPATH\index.php(59): CodeIgniter\Boot::bootWeb()
 8 SYSTEMPATH\rewrite.php(44): require_once('C:\\laragon\\www\\CodeIgniter4-4.6.1\\public\\index.php')
CRITICAL - 2025-08-15 08:21:17 --> CodeIgniter\HTTP\Exceptions\BadRequestException: The URI you submitted has disallowed characters: "thumbnail-Tala-dan-Mohamed,-Anak-Palestina-yang-Beri-Pesan-Kuat-di-Podium-Piala-Super-Eropa-1755139977.jpg"
[Method: GET, Route: uploads/thumbnail/thumbnail-Tala-dan-Mohamed,-Anak-Palestina-yang-Beri-Pesan-Kuat-di-Podium-Piala-Super-Eropa-1755139977.jpg]
in SYSTEMPATH\Router\Router.php on line 741.
 1 SYSTEMPATH\Router\Router.php(207): CodeIgniter\Router\Router->checkDisallowedChars()
 2 SYSTEMPATH\CodeIgniter.php(832): CodeIgniter\Router\Router->handle()
 3 SYSTEMPATH\CodeIgniter.php(455): CodeIgniter\CodeIgniter->tryToRouteIt()
 4 SYSTEMPATH\CodeIgniter.php(354): CodeIgniter\CodeIgniter->handleRequest()
 5 SYSTEMPATH\Boot.php(334): CodeIgniter\CodeIgniter->run()
 6 SYSTEMPATH\Boot.php(67): CodeIgniter\Boot::runCodeIgniter()
 7 FCPATH\index.php(59): CodeIgniter\Boot::bootWeb()
 8 SYSTEMPATH\rewrite.php(44): require_once('C:\\laragon\\www\\CodeIgniter4-4.6.1\\public\\index.php')
CRITICAL - 2025-08-15 08:21:30 --> CodeIgniter\HTTP\Exceptions\BadRequestException: The URI you submitted has disallowed characters: "thumbnail-1.063-Tambang-Ilegal-Rugikan-Negara-Rp-300-Triliun,-Prabowo-Peringatkan-Sosok-Pelindung-di-Baliknya-1755241337.jpg"
[Method: GET, Route: uploads/thumbnail/thumbnail-1.063-Tambang-Ilegal-Rugikan-Negara-Rp-300-Triliun,-Prabowo-Peringatkan-Sosok-Pelindung-di-Baliknya-1755241337.jpg]
in SYSTEMPATH\Router\Router.php on line 741.
 1 SYSTEMPATH\Router\Router.php(207): CodeIgniter\Router\Router->checkDisallowedChars()
 2 SYSTEMPATH\CodeIgniter.php(832): CodeIgniter\Router\Router->handle()
 3 SYSTEMPATH\CodeIgniter.php(455): CodeIgniter\CodeIgniter->tryToRouteIt()
 4 SYSTEMPATH\CodeIgniter.php(354): CodeIgniter\CodeIgniter->handleRequest()
 5 SYSTEMPATH\Boot.php(334): CodeIgniter\CodeIgniter->run()
 6 SYSTEMPATH\Boot.php(67): CodeIgniter\Boot::runCodeIgniter()
 7 FCPATH\index.php(59): CodeIgniter\Boot::bootWeb()
 8 SYSTEMPATH\rewrite.php(44): require_once('C:\\laragon\\www\\CodeIgniter4-4.6.1\\public\\index.php')
CRITICAL - 2025-08-15 08:21:31 --> CodeIgniter\HTTP\Exceptions\BadRequestException: The URI you submitted has disallowed characters: "thumbnail-Tala-dan-Mohamed,-Anak-Palestina-yang-Beri-Pesan-Kuat-di-Podium-Piala-Super-Eropa-1755139977.jpg"
[Method: GET, Route: uploads/thumbnail/thumbnail-Tala-dan-Mohamed,-Anak-Palestina-yang-Beri-Pesan-Kuat-di-Podium-Piala-Super-Eropa-1755139977.jpg]
in SYSTEMPATH\Router\Router.php on line 741.
 1 SYSTEMPATH\Router\Router.php(207): CodeIgniter\Router\Router->checkDisallowedChars()
 2 SYSTEMPATH\CodeIgniter.php(832): CodeIgniter\Router\Router->handle()
 3 SYSTEMPATH\CodeIgniter.php(455): CodeIgniter\CodeIgniter->tryToRouteIt()
 4 SYSTEMPATH\CodeIgniter.php(354): CodeIgniter\CodeIgniter->handleRequest()
 5 SYSTEMPATH\Boot.php(334): CodeIgniter\CodeIgniter->run()
 6 SYSTEMPATH\Boot.php(67): CodeIgniter\Boot::runCodeIgniter()
 7 FCPATH\index.php(59): CodeIgniter\Boot::bootWeb()
 8 SYSTEMPATH\rewrite.php(44): require_once('C:\\laragon\\www\\CodeIgniter4-4.6.1\\public\\index.php')
CRITICAL - 2025-08-15 08:21:31 --> CodeIgniter\HTTP\Exceptions\BadRequestException: The URI you submitted has disallowed characters: "thumbnail-Hasil-Monza-Vs-Inter:-Imbang-2-2,-Nerazzurri-Menang-Adu-Penalti-di-Laga-Pramusim-1755051955.jpg"
[Method: GET, Route: uploads/thumbnail/thumbnail-Hasil-Monza-Vs-Inter:-Imbang-2-2,-Nerazzurri-Menang-Adu-Penalti-di-Laga-Pramusim-1755051955.jpg]
in SYSTEMPATH\Router\Router.php on line 741.
 1 SYSTEMPATH\Router\Router.php(207): CodeIgniter\Router\Router->checkDisallowedChars()
 2 SYSTEMPATH\CodeIgniter.php(832): CodeIgniter\Router\Router->handle()
 3 SYSTEMPATH\CodeIgniter.php(455): CodeIgniter\CodeIgniter->tryToRouteIt()
 4 SYSTEMPATH\CodeIgniter.php(354): CodeIgniter\CodeIgniter->handleRequest()
 5 SYSTEMPATH\Boot.php(334): CodeIgniter\CodeIgniter->run()
 6 SYSTEMPATH\Boot.php(67): CodeIgniter\Boot::runCodeIgniter()
 7 FCPATH\index.php(59): CodeIgniter\Boot::bootWeb()
 8 SYSTEMPATH\rewrite.php(44): require_once('C:\\laragon\\www\\CodeIgniter4-4.6.1\\public\\index.php')
CRITICAL - 2025-08-15 08:21:31 --> CodeIgniter\HTTP\Exceptions\BadRequestException: The URI you submitted has disallowed characters: "thumbnail-Israel-Klaim-Sudan-Selatan-Siap-Terima-Warga-Palestina-dari-Gaza,-Pemerintah-Bantah-1755231947.jpg"
[Method: GET, Route: uploads/thumbnail/thumbnail-Israel-Klaim-Sudan-Selatan-Siap-Terima-Warga-Palestina-dari-Gaza,-Pemerintah-Bantah-1755231947.jpg]
in SYSTEMPATH\Router\Router.php on line 741.
 1 SYSTEMPATH\Router\Router.php(207): CodeIgniter\Router\Router->checkDisallowedChars()
 2 SYSTEMPATH\CodeIgniter.php(832): CodeIgniter\Router\Router->handle()
 3 SYSTEMPATH\CodeIgniter.php(455): CodeIgniter\CodeIgniter->tryToRouteIt()
 4 SYSTEMPATH\CodeIgniter.php(354): CodeIgniter\CodeIgniter->handleRequest()
 5 SYSTEMPATH\Boot.php(334): CodeIgniter\CodeIgniter->run()
 6 SYSTEMPATH\Boot.php(67): CodeIgniter\Boot::runCodeIgniter()
 7 FCPATH\index.php(59): CodeIgniter\Boot::bootWeb()
 8 SYSTEMPATH\rewrite.php(44): require_once('C:\\laragon\\www\\CodeIgniter4-4.6.1\\public\\index.php')
CRITICAL - 2025-08-15 08:21:31 --> CodeIgniter\HTTP\Exceptions\BadRequestException: The URI you submitted has disallowed characters: "thumbnail-Israel-Larang-430-Jenis-Makanan-Masuk-Gaza,-Krisis-Pangan-Semakin-Parah-1755055336.jpg"
[Method: GET, Route: uploads/thumbnail/thumbnail-Israel-Larang-430-Jenis-Makanan-Masuk-Gaza,-Krisis-Pangan-Semakin-Parah-1755055336.jpg]
in SYSTEMPATH\Router\Router.php on line 741.
 1 SYSTEMPATH\Router\Router.php(207): CodeIgniter\Router\Router->checkDisallowedChars()
 2 SYSTEMPATH\CodeIgniter.php(832): CodeIgniter\Router\Router->handle()
 3 SYSTEMPATH\CodeIgniter.php(455): CodeIgniter\CodeIgniter->tryToRouteIt()
 4 SYSTEMPATH\CodeIgniter.php(354): CodeIgniter\CodeIgniter->handleRequest()
 5 SYSTEMPATH\Boot.php(334): CodeIgniter\CodeIgniter->run()
 6 SYSTEMPATH\Boot.php(67): CodeIgniter\Boot::runCodeIgniter()
 7 FCPATH\index.php(59): CodeIgniter\Boot::bootWeb()
 8 SYSTEMPATH\rewrite.php(44): require_once('C:\\laragon\\www\\CodeIgniter4-4.6.1\\public\\index.php')
