CRITICAL - 2025-08-12 02:56:45 --> CodeIgniter\HTTP\Exceptions\BadRequestException: The URI you submitted has disallowed characters: "featured-Hari-Bhayangkara-ke-79-Dipusatkan-di-Monas,-Polri-Libatkan-Drum-Corps-Cendrawasih-Akpol-dalam-Perayaan-1750951546.jpg"
[Method: GET, Route: uploads/gambar_besar/featured-Hari-Bhayangkara-ke-79-Dipusatkan-di-Monas,-Polri-Libatkan-Drum-Corps-Cendrawasih-Akpol-dalam-Perayaan-1750951546.jpg]
in SYSTEMPATH\Router\Router.php on line 741.
 1 SYSTEMPATH\Router\Router.php(207): CodeIgniter\Router\Router->checkDisallowedChars()
 2 SYSTEMPATH\CodeIgniter.php(832): CodeIgniter\Router\Router->handle()
 3 SYSTEMPATH\CodeIgniter.php(455): CodeIgniter\CodeIgniter->tryToRouteIt()
 4 SYSTEMPATH\CodeIgniter.php(354): CodeIgniter\CodeIgniter->handleRequest()
 5 SYSTEMPATH\Boot.php(334): CodeIgniter\CodeIgniter->run()
 6 SYSTEMPATH\Boot.php(67): CodeIgniter\Boot::runCodeIgniter()
 7 FCPATH\index.php(59): CodeIgniter\Boot::bootWeb()
 8 SYSTEMPATH\rewrite.php(44): require_once('C:\\laragon\\www\\CodeIgniter4-4.6.1\\public\\index.php')
CRITICAL - 2025-08-12 02:58:17 --> CodeIgniter\HTTP\Exceptions\BadRequestException: The URI you submitted has disallowed characters: "featured-Dibombardir-Iran,-Tentara-Israel-Sembunyi-di-Rumah-Warga-Palestina-1750470279.jpg"
[Method: GET, Route: uploads/gambar_besar/featured-Dibombardir-Iran,-Tentara-Israel-Sembunyi-di-Rumah-Warga-Palestina-1750470279.jpg]
in SYSTEMPATH\Router\Router.php on line 741.
 1 SYSTEMPATH\Router\Router.php(207): CodeIgniter\Router\Router->checkDisallowedChars()
 2 SYSTEMPATH\CodeIgniter.php(832): CodeIgniter\Router\Router->handle()
 3 SYSTEMPATH\CodeIgniter.php(455): CodeIgniter\CodeIgniter->tryToRouteIt()
 4 SYSTEMPATH\CodeIgniter.php(354): CodeIgniter\CodeIgniter->handleRequest()
 5 SYSTEMPATH\Boot.php(334): CodeIgniter\CodeIgniter->run()
 6 SYSTEMPATH\Boot.php(67): CodeIgniter\Boot::runCodeIgniter()
 7 FCPATH\index.php(59): CodeIgniter\Boot::bootWeb()
 8 SYSTEMPATH\rewrite.php(44): require_once('C:\\laragon\\www\\CodeIgniter4-4.6.1\\public\\index.php')
CRITICAL - 2025-08-12 02:58:56 --> CodeIgniter\HTTP\Exceptions\BadRequestException: The URI you submitted has disallowed characters: "featured-Tinjauan-Pertandingan:-Columbus-Crew-vs-Atlanta-United---Ramalan,-Informasi-Tim,-Formasi-1750893832.jpg"
[Method: GET, Route: uploads/gambar_besar/featured-Tinjauan-Pertandingan:-Columbus-Crew-vs-Atlanta-United---Ramalan,-Informasi-Tim,-Formasi-1750893832.jpg]
in SYSTEMPATH\Router\Router.php on line 741.
 1 SYSTEMPATH\Router\Router.php(207): CodeIgniter\Router\Router->checkDisallowedChars()
 2 SYSTEMPATH\CodeIgniter.php(832): CodeIgniter\Router\Router->handle()
 3 SYSTEMPATH\CodeIgniter.php(455): CodeIgniter\CodeIgniter->tryToRouteIt()
 4 SYSTEMPATH\CodeIgniter.php(354): CodeIgniter\CodeIgniter->handleRequest()
 5 SYSTEMPATH\Boot.php(334): CodeIgniter\CodeIgniter->run()
 6 SYSTEMPATH\Boot.php(67): CodeIgniter\Boot::runCodeIgniter()
 7 FCPATH\index.php(59): CodeIgniter\Boot::bootWeb()
 8 SYSTEMPATH\rewrite.php(44): require_once('C:\\laragon\\www\\CodeIgniter4-4.6.1\\public\\index.php')
CRITICAL - 2025-08-12 03:08:55 --> ErrorException: Undefined array key "kategori"
[Method: GET, Route: id]
in APPPATH\Views\beranda.php on line 318.
 1 APPPATH\Views\beranda.php(318): CodeIgniter\Debug\Exceptions->errorHandler()
 2 SYSTEMPATH\View\View.php(224): include('C:\\laragon\\www\\CodeIgniter4-4.6.1\\app\\Views\\beranda.php')
 3 SYSTEMPATH\View\View.php(227): CodeIgniter\View\View->{closure:CodeIgniter\View\View::render():221}()
 4 SYSTEMPATH\Common.php(1173): CodeIgniter\View\View->render()
 5 APPPATH\Controllers\Beranda.php(53): view()
 6 SYSTEMPATH\CodeIgniter.php(933): App\Controllers\Beranda->index()
 7 SYSTEMPATH\CodeIgniter.php(507): CodeIgniter\CodeIgniter->runController()
 8 SYSTEMPATH\CodeIgniter.php(354): CodeIgniter\CodeIgniter->handleRequest()
 9 SYSTEMPATH\Boot.php(334): CodeIgniter\CodeIgniter->run()
10 SYSTEMPATH\Boot.php(67): CodeIgniter\Boot::runCodeIgniter()
11 FCPATH\index.php(59): CodeIgniter\Boot::bootWeb()
12 SYSTEMPATH\rewrite.php(44): require_once('C:\\laragon\\www\\CodeIgniter4-4.6.1\\public\\index.php')
CRITICAL - 2025-08-12 03:09:39 --> ErrorException: Undefined array key "kategori"
[Method: GET, Route: id]
in APPPATH\Views\beranda.php on line 318.
 1 APPPATH\Views\beranda.php(318): CodeIgniter\Debug\Exceptions->errorHandler()
 2 SYSTEMPATH\View\View.php(224): include('C:\\laragon\\www\\CodeIgniter4-4.6.1\\app\\Views\\beranda.php')
 3 SYSTEMPATH\View\View.php(227): CodeIgniter\View\View->{closure:CodeIgniter\View\View::render():221}()
 4 SYSTEMPATH\Common.php(1173): CodeIgniter\View\View->render()
 5 APPPATH\Controllers\Beranda.php(53): view()
 6 SYSTEMPATH\CodeIgniter.php(933): App\Controllers\Beranda->index()
 7 SYSTEMPATH\CodeIgniter.php(507): CodeIgniter\CodeIgniter->runController()
 8 SYSTEMPATH\CodeIgniter.php(354): CodeIgniter\CodeIgniter->handleRequest()
 9 SYSTEMPATH\Boot.php(334): CodeIgniter\CodeIgniter->run()
10 SYSTEMPATH\Boot.php(67): CodeIgniter\Boot::runCodeIgniter()
11 FCPATH\index.php(59): CodeIgniter\Boot::bootWeb()
12 SYSTEMPATH\rewrite.php(44): require_once('C:\\laragon\\www\\CodeIgniter4-4.6.1\\public\\index.php')
CRITICAL - 2025-08-12 03:11:12 --> ErrorException: Undefined array key "kategori"
[Method: GET, Route: id]
in APPPATH\Views\beranda.php on line 223.
 1 APPPATH\Views\beranda.php(223): CodeIgniter\Debug\Exceptions->errorHandler()
 2 SYSTEMPATH\View\View.php(224): include('C:\\laragon\\www\\CodeIgniter4-4.6.1\\app\\Views\\beranda.php')
 3 SYSTEMPATH\View\View.php(227): CodeIgniter\View\View->{closure:CodeIgniter\View\View::render():221}()
 4 SYSTEMPATH\Common.php(1173): CodeIgniter\View\View->render()
 5 APPPATH\Controllers\Beranda.php(53): view()
 6 SYSTEMPATH\CodeIgniter.php(933): App\Controllers\Beranda->index()
 7 SYSTEMPATH\CodeIgniter.php(507): CodeIgniter\CodeIgniter->runController()
 8 SYSTEMPATH\CodeIgniter.php(354): CodeIgniter\CodeIgniter->handleRequest()
 9 SYSTEMPATH\Boot.php(334): CodeIgniter\CodeIgniter->run()
10 SYSTEMPATH\Boot.php(67): CodeIgniter\Boot::runCodeIgniter()
11 FCPATH\index.php(59): CodeIgniter\Boot::bootWeb()
12 SYSTEMPATH\rewrite.php(44): require_once('C:\\laragon\\www\\CodeIgniter4-4.6.1\\public\\index.php')
CRITICAL - 2025-08-12 03:26:01 --> CodeIgniter\HTTP\Exceptions\BadRequestException: The URI you submitted has disallowed characters: "featured-Tinjauan-Pertandingan:-Columbus-Crew-vs-Atlanta-United---Ramalan,-Informasi-Tim,-Formasi-1750893832.jpg"
[Method: GET, Route: uploads/gambar_besar/featured-Tinjauan-Pertandingan:-Columbus-Crew-vs-Atlanta-United---Ramalan,-Informasi-Tim,-Formasi-1750893832.jpg]
in SYSTEMPATH\Router\Router.php on line 741.
 1 SYSTEMPATH\Router\Router.php(207): CodeIgniter\Router\Router->checkDisallowedChars()
 2 SYSTEMPATH\CodeIgniter.php(832): CodeIgniter\Router\Router->handle()
 3 SYSTEMPATH\CodeIgniter.php(455): CodeIgniter\CodeIgniter->tryToRouteIt()
 4 SYSTEMPATH\CodeIgniter.php(354): CodeIgniter\CodeIgniter->handleRequest()
 5 SYSTEMPATH\Boot.php(334): CodeIgniter\CodeIgniter->run()
 6 SYSTEMPATH\Boot.php(67): CodeIgniter\Boot::runCodeIgniter()
 7 FCPATH\index.php(59): CodeIgniter\Boot::bootWeb()
 8 SYSTEMPATH\rewrite.php(44): require_once('C:\\laragon\\www\\CodeIgniter4-4.6.1\\public\\index.php')
CRITICAL - 2025-08-12 03:28:09 --> CodeIgniter\HTTP\Exceptions\BadRequestException: The URI you submitted has disallowed characters: "featured-Dibombardir-Iran,-Tentara-Israel-Sembunyi-di-Rumah-Warga-Palestina-1750470279.jpg"
[Method: GET, Route: uploads/gambar_besar/featured-Dibombardir-Iran,-Tentara-Israel-Sembunyi-di-Rumah-Warga-Palestina-1750470279.jpg]
in SYSTEMPATH\Router\Router.php on line 741.
 1 SYSTEMPATH\Router\Router.php(207): CodeIgniter\Router\Router->checkDisallowedChars()
 2 SYSTEMPATH\CodeIgniter.php(832): CodeIgniter\Router\Router->handle()
 3 SYSTEMPATH\CodeIgniter.php(455): CodeIgniter\CodeIgniter->tryToRouteIt()
 4 SYSTEMPATH\CodeIgniter.php(354): CodeIgniter\CodeIgniter->handleRequest()
 5 SYSTEMPATH\Boot.php(334): CodeIgniter\CodeIgniter->run()
 6 SYSTEMPATH\Boot.php(67): CodeIgniter\Boot::runCodeIgniter()
 7 FCPATH\index.php(59): CodeIgniter\Boot::bootWeb()
 8 SYSTEMPATH\rewrite.php(44): require_once('C:\\laragon\\www\\CodeIgniter4-4.6.1\\public\\index.php')
CRITICAL - 2025-08-12 03:31:01 --> CodeIgniter\HTTP\Exceptions\BadRequestException: The URI you submitted has disallowed characters: "featured-Tinjauan-Pertandingan:-Columbus-Crew-vs-Atlanta-United---Ramalan,-Informasi-Tim,-Formasi-1750893832.jpg"
[Method: GET, Route: uploads/gambar_besar/featured-Tinjauan-Pertandingan:-Columbus-Crew-vs-Atlanta-United---Ramalan,-Informasi-Tim,-Formasi-1750893832.jpg]
in SYSTEMPATH\Router\Router.php on line 741.
 1 SYSTEMPATH\Router\Router.php(207): CodeIgniter\Router\Router->checkDisallowedChars()
 2 SYSTEMPATH\CodeIgniter.php(832): CodeIgniter\Router\Router->handle()
 3 SYSTEMPATH\CodeIgniter.php(455): CodeIgniter\CodeIgniter->tryToRouteIt()
 4 SYSTEMPATH\CodeIgniter.php(354): CodeIgniter\CodeIgniter->handleRequest()
 5 SYSTEMPATH\Boot.php(334): CodeIgniter\CodeIgniter->run()
 6 SYSTEMPATH\Boot.php(67): CodeIgniter\Boot::runCodeIgniter()
 7 FCPATH\index.php(59): CodeIgniter\Boot::bootWeb()
 8 SYSTEMPATH\rewrite.php(44): require_once('C:\\laragon\\www\\CodeIgniter4-4.6.1\\public\\index.php')
CRITICAL - 2025-08-12 03:31:21 --> CodeIgniter\HTTP\Exceptions\BadRequestException: The URI you submitted has disallowed characters: "featured-Tinjauan-Pertandingan:-Columbus-Crew-vs-Atlanta-United---Ramalan,-Informasi-Tim,-Formasi-1750893832.jpg"
[Method: GET, Route: uploads/gambar_besar/featured-Tinjauan-Pertandingan:-Columbus-Crew-vs-Atlanta-United---Ramalan,-Informasi-Tim,-Formasi-1750893832.jpg]
in SYSTEMPATH\Router\Router.php on line 741.
 1 SYSTEMPATH\Router\Router.php(207): CodeIgniter\Router\Router->checkDisallowedChars()
 2 SYSTEMPATH\CodeIgniter.php(832): CodeIgniter\Router\Router->handle()
 3 SYSTEMPATH\CodeIgniter.php(455): CodeIgniter\CodeIgniter->tryToRouteIt()
 4 SYSTEMPATH\CodeIgniter.php(354): CodeIgniter\CodeIgniter->handleRequest()
 5 SYSTEMPATH\Boot.php(334): CodeIgniter\CodeIgniter->run()
 6 SYSTEMPATH\Boot.php(67): CodeIgniter\Boot::runCodeIgniter()
 7 FCPATH\index.php(59): CodeIgniter\Boot::bootWeb()
 8 SYSTEMPATH\rewrite.php(44): require_once('C:\\laragon\\www\\CodeIgniter4-4.6.1\\public\\index.php')
CRITICAL - 2025-08-12 04:08:28 --> CodeIgniter\HTTP\Exceptions\BadRequestException: The URI you submitted has disallowed characters: "featured-Dibombardir-Iran,-Tentara-Israel-Sembunyi-di-Rumah-Warga-Palestina-1750470279.jpg"
[Method: GET, Route: uploads/gambar_besar/featured-Dibombardir-Iran,-Tentara-Israel-Sembunyi-di-Rumah-Warga-Palestina-1750470279.jpg]
in SYSTEMPATH\Router\Router.php on line 741.
 1 SYSTEMPATH\Router\Router.php(207): CodeIgniter\Router\Router->checkDisallowedChars()
 2 SYSTEMPATH\CodeIgniter.php(832): CodeIgniter\Router\Router->handle()
 3 SYSTEMPATH\CodeIgniter.php(455): CodeIgniter\CodeIgniter->tryToRouteIt()
 4 SYSTEMPATH\CodeIgniter.php(354): CodeIgniter\CodeIgniter->handleRequest()
 5 SYSTEMPATH\Boot.php(334): CodeIgniter\CodeIgniter->run()
 6 SYSTEMPATH\Boot.php(67): CodeIgniter\Boot::runCodeIgniter()
 7 FCPATH\index.php(59): CodeIgniter\Boot::bootWeb()
 8 SYSTEMPATH\rewrite.php(44): require_once('C:\\laragon\\www\\CodeIgniter4-4.6.1\\public\\index.php')
CRITICAL - 2025-08-12 05:21:53 --> CodeIgniter\HTTP\Exceptions\BadRequestException: The URI you submitted has disallowed characters: "featured-Israel-Gempur-Jalur-Gaza-di-Tengah-Memanasnya-Konflik-dengan-Iran,-Puluhan-Warga-Palestina-Tewas-1750645043.jpg"
[Method: GET, Route: uploads/gambar_besar/featured-Israel-Gempur-Jalur-Gaza-di-Tengah-Memanasnya-Konflik-dengan-Iran,-Puluhan-Warga-Palestina-Tewas-1750645043.jpg]
in SYSTEMPATH\Router\Router.php on line 741.
 1 SYSTEMPATH\Router\Router.php(207): CodeIgniter\Router\Router->checkDisallowedChars()
 2 SYSTEMPATH\CodeIgniter.php(832): CodeIgniter\Router\Router->handle()
 3 SYSTEMPATH\CodeIgniter.php(455): CodeIgniter\CodeIgniter->tryToRouteIt()
 4 SYSTEMPATH\CodeIgniter.php(354): CodeIgniter\CodeIgniter->handleRequest()
 5 SYSTEMPATH\Boot.php(334): CodeIgniter\CodeIgniter->run()
 6 SYSTEMPATH\Boot.php(67): CodeIgniter\Boot::runCodeIgniter()
 7 FCPATH\index.php(59): CodeIgniter\Boot::bootWeb()
 8 SYSTEMPATH\rewrite.php(44): require_once('C:\\laragon\\www\\CodeIgniter4-4.6.1\\public\\index.php')
